ARM GAS  C:\Users\EDTRIC~1\AppData\Local\Temp\cceqJMNH.s 			page 1


   1              		.cpu cortex-m0
   2              		.fpu softvfp
   3              		.eabi_attribute 20, 1
   4              		.eabi_attribute 21, 1
   5              		.eabi_attribute 23, 3
   6              		.eabi_attribute 24, 1
   7              		.eabi_attribute 25, 1
   8              		.eabi_attribute 26, 1
   9              		.eabi_attribute 30, 1
  10              		.eabi_attribute 34, 0
  11              		.eabi_attribute 18, 4
  12              		.code	16
  13              		.file	"herkulexOH.c"
  14              		.text
  15              	.Ltext0:
  16              		.cfi_sections	.debug_frame
  17              		.section	.text.clearBuffer,"ax",%progbits
  18              		.align	2
  19              		.global	clearBuffer
  20              		.code	16
  21              		.thumb_func
  22              		.type	clearBuffer, %function
  23              	clearBuffer:
  24              	.LFB33:
  25              		.file 1 ".\\herkulexOH.c"
   1:.\herkulexOH.c **** /* ========================================
   2:.\herkulexOH.c ****  *
   3:.\herkulexOH.c ****  * Copyright YOUR COMPANY, THE YEAR
   4:.\herkulexOH.c ****  * All Rights Reserved
   5:.\herkulexOH.c ****  * UNPUBLISHED, LICENSED SOFTWARE.
   6:.\herkulexOH.c ****  *
   7:.\herkulexOH.c ****  * CONFIDENTIAL AND PROPRIETARY INFORMATION
   8:.\herkulexOH.c ****  * WHICH IS THE PROPERTY OF your company.
   9:.\herkulexOH.c ****  *
  10:.\herkulexOH.c ****  * ========================================
  11:.\herkulexOH.c **** */
  12:.\herkulexOH.c **** 
  13:.\herkulexOH.c **** #include "herkulexoh.h"
  14:.\herkulexOH.c **** 
  15:.\herkulexOH.c **** uint8 pSize;
  16:.\herkulexOH.c **** uint8 pID;
  17:.\herkulexOH.c **** uint8 cmd;
  18:.\herkulexOH.c **** uint8 lengthString;
  19:.\herkulexOH.c **** uint8 ck1;
  20:.\herkulexOH.c **** uint8 ck2;
  21:.\herkulexOH.c **** 
  22:.\herkulexOH.c **** uint8 conta;
  23:.\herkulexOH.c **** 
  24:.\herkulexOH.c **** uint8 XOR;
  25:.\herkulexOH.c **** int playTime;
  26:.\herkulexOH.c **** 
  27:.\herkulexOH.c **** uint8 data[DATASIZE];
  28:.\herkulexOH.c **** uint8 dataEx[DATAMOVE+8];
  29:.\herkulexOH.c **** uint8 moveData[DATAMOVE];
  30:.\herkulexOH.c **** 
  31:.\herkulexOH.c **** void clearBuffer( void )
  32:.\herkulexOH.c **** {
ARM GAS  C:\Users\EDTRIC~1\AppData\Local\Temp\cceqJMNH.s 			page 2


  26              		.loc 1 32 0
  27              		.cfi_startproc
  28 0000 08B5     		push	{r3, lr}
  29              		.cfi_def_cfa_offset 8
  30              		.cfi_offset 3, -8
  31              		.cfi_offset 14, -4
  33:.\herkulexOH.c ****     UART_SpiUartClearTxBuffer();
  32              		.loc 1 33 0
  33 0002 FFF7FEFF 		bl	UART_SpiUartClearTxBuffer
  34              	.LVL0:
  34:.\herkulexOH.c ****     UART_SpiUartClearRxBuffer();
  35              		.loc 1 34 0
  36 0006 FFF7FEFF 		bl	UART_SpiUartClearRxBuffer
  37              	.LVL1:
  35:.\herkulexOH.c **** }
  38              		.loc 1 35 0
  39              		@ sp needed
  40 000a 08BD     		pop	{r3, pc}
  41              		.cfi_endproc
  42              	.LFE33:
  43              		.size	clearBuffer, .-clearBuffer
  44              		.section	.text.checksum1,"ax",%progbits
  45              		.align	2
  46              		.global	checksum1
  47              		.code	16
  48              		.thumb_func
  49              		.type	checksum1, %function
  50              	checksum1:
  51              	.LFB34:
  36:.\herkulexOH.c **** 
  37:.\herkulexOH.c **** uint8 checksum1( uint8 * data , uint8 lengthString )
  38:.\herkulexOH.c **** {
  52              		.loc 1 38 0
  53              		.cfi_startproc
  54              	.LVL2:
  55 0000 30B5     		push	{r4, r5, lr}
  56              		.cfi_def_cfa_offset 12
  57              		.cfi_offset 4, -12
  58              		.cfi_offset 5, -8
  59              		.cfi_offset 14, -4
  39:.\herkulexOH.c ****     uint8 i;
  40:.\herkulexOH.c ****     
  41:.\herkulexOH.c ****     XOR = 0;
  42:.\herkulexOH.c ****     XOR = XOR ^ pSize;
  60              		.loc 1 42 0
  61 0002 0D4B     		ldr	r3, .L5
  62 0004 1A78     		ldrb	r2, [r3]
  43:.\herkulexOH.c ****     XOR = XOR ^ pID;
  63              		.loc 1 43 0
  64 0006 0D4B     		ldr	r3, .L5+4
  65 0008 1B78     		ldrb	r3, [r3]
  66 000a 5A40     		eor	r2, r3
  44:.\herkulexOH.c ****     XOR = XOR ^ cmd;
  67              		.loc 1 44 0
  68 000c 0C4B     		ldr	r3, .L5+8
  69 000e 1B78     		ldrb	r3, [r3]
  70 0010 5A40     		eor	r2, r3
ARM GAS  C:\Users\EDTRIC~1\AppData\Local\Temp\cceqJMNH.s 			page 3


  71 0012 0C4B     		ldr	r3, .L5+12
  72 0014 1A70     		strb	r2, [r3]
  73              	.LVL3:
  45:.\herkulexOH.c ****     
  46:.\herkulexOH.c ****     for( i = 0; i < lengthString; i++ )
  74              		.loc 1 46 0
  75 0016 0023     		mov	r3, #0
  47:.\herkulexOH.c ****     {
  48:.\herkulexOH.c ****         XOR = XOR ^ data[i];
  76              		.loc 1 48 0
  77 0018 0A4A     		ldr	r2, .L5+12
  46:.\herkulexOH.c ****     for( i = 0; i < lengthString; i++ )
  78              		.loc 1 46 0
  79 001a 05E0     		b	.L3
  80              	.LVL4:
  81              	.L4:
  82              		.loc 1 48 0 discriminator 2
  83 001c C55C     		ldrb	r5, [r0, r3]
  84 001e 1478     		ldrb	r4, [r2]
  85 0020 6C40     		eor	r4, r5
  86 0022 1470     		strb	r4, [r2]
  46:.\herkulexOH.c ****     for( i = 0; i < lengthString; i++ )
  87              		.loc 1 46 0 discriminator 2
  88 0024 0133     		add	r3, r3, #1
  89              	.LVL5:
  90 0026 DBB2     		uxtb	r3, r3
  91              	.LVL6:
  92              	.L3:
  46:.\herkulexOH.c ****     for( i = 0; i < lengthString; i++ )
  93              		.loc 1 46 0 is_stmt 0 discriminator 1
  94 0028 8B42     		cmp	r3, r1
  95 002a F7D3     		bcc	.L4
  49:.\herkulexOH.c ****     }
  50:.\herkulexOH.c ****     
  51:.\herkulexOH.c ****     return XOR & 0xFE;
  96              		.loc 1 51 0 is_stmt 1
  97 002c 054B     		ldr	r3, .L5+12
  98              	.LVL7:
  99 002e 1878     		ldrb	r0, [r3]
 100              	.LVL8:
 101 0030 0123     		mov	r3, #1
 102 0032 9843     		bic	r0, r3
  52:.\herkulexOH.c **** }
 103              		.loc 1 52 0
 104              		@ sp needed
 105 0034 30BD     		pop	{r4, r5, pc}
 106              	.L6:
 107 0036 C046     		.align	2
 108              	.L5:
 109 0038 00000000 		.word	pSize
 110 003c 00000000 		.word	pID
 111 0040 00000000 		.word	cmd
 112 0044 00000000 		.word	XOR
 113              		.cfi_endproc
 114              	.LFE34:
 115              		.size	checksum1, .-checksum1
 116              		.section	.text.checksum2,"ax",%progbits
ARM GAS  C:\Users\EDTRIC~1\AppData\Local\Temp\cceqJMNH.s 			page 4


 117              		.align	2
 118              		.global	checksum2
 119              		.code	16
 120              		.thumb_func
 121              		.type	checksum2, %function
 122              	checksum2:
 123              	.LFB35:
  53:.\herkulexOH.c **** 
  54:.\herkulexOH.c **** uint8 checksum2( uint8 XOR )
  55:.\herkulexOH.c **** {
 124              		.loc 1 55 0
 125              		.cfi_startproc
 126              	.LVL9:
  56:.\herkulexOH.c ****     return (~XOR) & 0xFE;
 127              		.loc 1 56 0
 128 0000 FE23     		mov	r3, #254
 129 0002 8343     		bic	r3, r0
 130 0004 181C     		mov	r0, r3
 131              	.LVL10:
  57:.\herkulexOH.c **** }
 132              		.loc 1 57 0
 133              		@ sp needed
 134 0006 7047     		bx	lr
 135              		.cfi_endproc
 136              	.LFE35:
 137              		.size	checksum2, .-checksum2
 138              		.section	.text.printHexByte,"ax",%progbits
 139              		.align	2
 140              		.global	printHexByte
 141              		.code	16
 142              		.thumb_func
 143              		.type	printHexByte, %function
 144              	printHexByte:
 145              	.LFB36:
  58:.\herkulexOH.c **** 
  59:.\herkulexOH.c **** void printHexByte( uint8 x )
  60:.\herkulexOH.c **** {
 146              		.loc 1 60 0
 147              		.cfi_startproc
 148              	.LVL11:
 149 0000 10B5     		push	{r4, lr}
 150              		.cfi_def_cfa_offset 8
 151              		.cfi_offset 4, -8
 152              		.cfi_offset 14, -4
 153 0002 82B0     		sub	sp, sp, #8
 154              		.cfi_def_cfa_offset 16
 155 0004 041C     		mov	r4, r0
  61:.\herkulexOH.c ****     char byte[4];
  62:.\herkulexOH.c ****     
  63:.\herkulexOH.c ****     sprintf( byte , "%x" , x );
 156              		.loc 1 63 0
 157 0006 01A8     		add	r0, sp, #4
 158              	.LVL12:
 159 0008 0949     		ldr	r1, .L10
 160 000a 221C     		mov	r2, r4
 161 000c FFF7FEFF 		bl	sprintf
 162              	.LVL13:
ARM GAS  C:\Users\EDTRIC~1\AppData\Local\Temp\cceqJMNH.s 			page 5


  64:.\herkulexOH.c ****     
  65:.\herkulexOH.c ****     UART_UartPutString("0x");
 163              		.loc 1 65 0
 164 0010 0848     		ldr	r0, .L10+4
 165 0012 FFF7FEFF 		bl	UART_UartPutString
 166              	.LVL14:
  66:.\herkulexOH.c ****     if( x < 16)
 167              		.loc 1 66 0
 168 0016 0F2C     		cmp	r4, #15
 169 0018 02D8     		bhi	.L9
  67:.\herkulexOH.c ****     {
  68:.\herkulexOH.c ****         UART_UartPutChar('0');
 170              		.loc 1 68 0
 171 001a 3020     		mov	r0, #48
 172 001c FFF7FEFF 		bl	UART_SpiUartWriteTxData
 173              	.LVL15:
 174              	.L9:
  69:.\herkulexOH.c ****     }
  70:.\herkulexOH.c ****     UART_UartPutString(byte);
 175              		.loc 1 70 0
 176 0020 01A8     		add	r0, sp, #4
 177 0022 FFF7FEFF 		bl	UART_UartPutString
 178              	.LVL16:
  71:.\herkulexOH.c ****     UART_UartPutChar(' ');
 179              		.loc 1 71 0
 180 0026 2020     		mov	r0, #32
 181 0028 FFF7FEFF 		bl	UART_SpiUartWriteTxData
 182              	.LVL17:
  72:.\herkulexOH.c **** }
 183              		.loc 1 72 0
 184 002c 02B0     		add	sp, sp, #8
 185              		@ sp needed
 186 002e 10BD     		pop	{r4, pc}
 187              	.L11:
 188              		.align	2
 189              	.L10:
 190 0030 00000000 		.word	.LC4
 191 0034 04000000 		.word	.LC6
 192              		.cfi_endproc
 193              	.LFE36:
 194              		.size	printHexByte, .-printHexByte
 195              		.section	.text.sendData,"ax",%progbits
 196              		.align	2
 197              		.global	sendData
 198              		.code	16
 199              		.thumb_func
 200              		.type	sendData, %function
 201              	sendData:
 202              	.LFB37:
  73:.\herkulexOH.c **** 
  74:.\herkulexOH.c **** void sendData( uint8 * buffer , uint8 length )
  75:.\herkulexOH.c **** {
 203              		.loc 1 75 0
 204              		.cfi_startproc
 205              	.LVL18:
 206 0000 38B5     		push	{r3, r4, r5, lr}
 207              		.cfi_def_cfa_offset 16
ARM GAS  C:\Users\EDTRIC~1\AppData\Local\Temp\cceqJMNH.s 			page 6


 208              		.cfi_offset 3, -16
 209              		.cfi_offset 4, -12
 210              		.cfi_offset 5, -8
 211              		.cfi_offset 14, -4
 212 0002 051C     		mov	r5, r0
 213 0004 0C1C     		mov	r4, r1
  76:.\herkulexOH.c ****     clearBuffer();
 214              		.loc 1 76 0
 215 0006 FFF7FEFF 		bl	clearBuffer
 216              	.LVL19:
  77:.\herkulexOH.c ****     UART_SpiUartPutArray( buffer , length );
 217              		.loc 1 77 0
 218 000a 281C     		mov	r0, r5
 219 000c 211C     		mov	r1, r4
 220 000e FFF7FEFF 		bl	UART_SpiUartPutArray
 221              	.LVL20:
  78:.\herkulexOH.c ****     CyDelay(1);
 222              		.loc 1 78 0
 223 0012 0120     		mov	r0, #1
 224 0014 FFF7FEFF 		bl	CyDelay
 225              	.LVL21:
  79:.\herkulexOH.c **** }
 226              		.loc 1 79 0
 227              		@ sp needed
 228              	.LVL22:
 229 0018 38BD     		pop	{r3, r4, r5, pc}
 230              		.cfi_endproc
 231              	.LFE37:
 232              		.size	sendData, .-sendData
 233 001a C046     		.section	.text.readData,"ax",%progbits
 234              		.align	2
 235              		.global	readData
 236              		.code	16
 237              		.thumb_func
 238              		.type	readData, %function
 239              	readData:
 240              	.LFB38:
  80:.\herkulexOH.c **** 
  81:.\herkulexOH.c **** void readData( uint8 size )
  82:.\herkulexOH.c **** {
 241              		.loc 1 82 0
 242              		.cfi_startproc
 243              	.LVL23:
 244 0000 F0B5     		push	{r4, r5, r6, r7, lr}
 245              		.cfi_def_cfa_offset 20
 246              		.cfi_offset 4, -20
 247              		.cfi_offset 5, -16
 248              		.cfi_offset 6, -12
 249              		.cfi_offset 7, -8
 250              		.cfi_offset 14, -4
 251 0002 4746     		mov	r7, r8
 252 0004 80B4     		push	{r7}
 253              		.cfi_def_cfa_offset 24
 254              		.cfi_offset 8, -24
 255 0006 061C     		mov	r6, r0
 256              	.LVL24:
  83:.\herkulexOH.c ****     uint8 i = 0;
ARM GAS  C:\Users\EDTRIC~1\AppData\Local\Temp\cceqJMNH.s 			page 7


  84:.\herkulexOH.c ****     uint8 beginsave = 0;
  85:.\herkulexOH.c ****     uint8 timeCounter = 0;
 257              		.loc 1 85 0
 258 0008 0024     		mov	r4, #0
  86:.\herkulexOH.c ****     
  87:.\herkulexOH.c ****     while( (UART_SpiUartGetRxBufferSize() < size) & (timeCounter < TIMEOUT) )
 259              		.loc 1 87 0
 260 000a 0427     		mov	r7, #4
 261 000c 0025     		mov	r5, #0
 262 000e 04E0     		b	.L14
 263              	.LVL25:
 264              	.L15:
  88:.\herkulexOH.c ****     {
  89:.\herkulexOH.c ****         timeCounter++;
 265              		.loc 1 89 0
 266 0010 0134     		add	r4, r4, #1
 267              	.LVL26:
 268 0012 E4B2     		uxtb	r4, r4
 269              	.LVL27:
  90:.\herkulexOH.c ****         CyDelay(1);
 270              		.loc 1 90 0
 271 0014 0120     		mov	r0, #1
 272 0016 FFF7FEFF 		bl	CyDelay
 273              	.LVL28:
 274              	.L14:
  87:.\herkulexOH.c ****     while( (UART_SpiUartGetRxBufferSize() < size) & (timeCounter < TIMEOUT) )
 275              		.loc 1 87 0 discriminator 1
 276 001a FFF7FEFF 		bl	UART_SpiUartGetRxBufferSize
 277              	.LVL29:
 278 001e B042     		cmp	r0, r6
 279 0020 9B41     		sbc	r3, r3, r3
 280 0022 5B42     		neg	r3, r3
 281 0024 2A1C     		mov	r2, r5
 282 0026 A742     		cmp	r7, r4
 283 0028 6A41     		adc	r2, r2, r5
 284 002a 1A42     		tst	r2, r3
 285 002c F0D1     		bne	.L15
 286 002e 0024     		mov	r4, #0
 287              	.LVL30:
 288 0030 0025     		mov	r5, #0
 289              	.LBB2:
  91:.\herkulexOH.c ****     }
  92:.\herkulexOH.c ****     while( (UART_SpiUartGetRxBufferSize() > 0) )
  93:.\herkulexOH.c ****     {
  94:.\herkulexOH.c ****         uint8 recByte = UART_UartGetByte();
  95:.\herkulexOH.c ****         if( recByte == 0xFF )
  96:.\herkulexOH.c ****         {
  97:.\herkulexOH.c ****             beginsave = 1;
 290              		.loc 1 97 0
 291 0032 0123     		mov	r3, #1
 292 0034 9846     		mov	r8, r3
  98:.\herkulexOH.c ****             i = 0;
 293              		.loc 1 98 0
 294 0036 0027     		mov	r7, #0
 295 0038 0EE0     		b	.L21
 296              	.LVL31:
 297              	.L19:
ARM GAS  C:\Users\EDTRIC~1\AppData\Local\Temp\cceqJMNH.s 			page 8


  94:.\herkulexOH.c ****         uint8 recByte = UART_UartGetByte();
 298              		.loc 1 94 0
 299 003a FFF7FEFF 		bl	UART_UartGetByte
 300              	.LVL32:
 301 003e C0B2     		uxtb	r0, r0
 302              	.LVL33:
  95:.\herkulexOH.c ****         if( recByte == 0xFF )
 303              		.loc 1 95 0
 304 0040 FF28     		cmp	r0, #255
 305 0042 01D1     		bne	.L17
  97:.\herkulexOH.c ****             beginsave = 1;
 306              		.loc 1 97 0
 307 0044 4446     		mov	r4, r8
 308              	.LVL34:
 309              		.loc 1 98 0
 310 0046 3D1C     		mov	r5, r7
 311              	.LVL35:
 312              	.L17:
  99:.\herkulexOH.c ****         }
 100:.\herkulexOH.c ****         if( beginsave == 1 && i < size )
 313              		.loc 1 100 0
 314 0048 012C     		cmp	r4, #1
 315 004a 05D1     		bne	.L21
 316              		.loc 1 100 0 is_stmt 0 discriminator 1
 317 004c B542     		cmp	r5, r6
 318 004e 03D2     		bcs	.L21
 101:.\herkulexOH.c ****         {
 102:.\herkulexOH.c ****             dataEx[i] = recByte;
 319              		.loc 1 102 0 is_stmt 1
 320 0050 064B     		ldr	r3, .L22
 321 0052 5855     		strb	r0, [r3, r5]
 103:.\herkulexOH.c ****             i++;
 322              		.loc 1 103 0
 323 0054 0135     		add	r5, r5, #1
 324              	.LVL36:
 325 0056 EDB2     		uxtb	r5, r5
 326              	.LVL37:
 327              	.L21:
 328              	.LBE2:
  92:.\herkulexOH.c ****     while( (UART_SpiUartGetRxBufferSize() > 0) )
 329              		.loc 1 92 0 discriminator 1
 330 0058 FFF7FEFF 		bl	UART_SpiUartGetRxBufferSize
 331              	.LVL38:
 332 005c 0028     		cmp	r0, #0
 333 005e ECD1     		bne	.L19
 104:.\herkulexOH.c ****         }
 105:.\herkulexOH.c ****     }
 106:.\herkulexOH.c ****     clearBuffer();
 334              		.loc 1 106 0
 335 0060 FFF7FEFF 		bl	clearBuffer
 336              	.LVL39:
 107:.\herkulexOH.c **** }
 337              		.loc 1 107 0
 338              		@ sp needed
 339              	.LVL40:
 340              	.LVL41:
 341 0064 04BC     		pop	{r2}
ARM GAS  C:\Users\EDTRIC~1\AppData\Local\Temp\cceqJMNH.s 			page 9


 342 0066 9046     		mov	r8, r2
 343 0068 F0BD     		pop	{r4, r5, r6, r7, pc}
 344              	.L23:
 345 006a C046     		.align	2
 346              	.L22:
 347 006c 00000000 		.word	dataEx
 348              		.cfi_endproc
 349              	.LFE38:
 350              		.size	readData, .-readData
 351              		.section	.text.addData,"ax",%progbits
 352              		.align	2
 353              		.global	addData
 354              		.code	16
 355              		.thumb_func
 356              		.type	addData, %function
 357              	addData:
 358              	.LFB39:
 108:.\herkulexOH.c **** 
 109:.\herkulexOH.c **** void addData( int goalLSB , int goalMSB , uint8 set , uint8 servoID)
 110:.\herkulexOH.c **** {
 359              		.loc 1 110 0
 360              		.cfi_startproc
 361              	.LVL42:
 362 0000 F0B5     		push	{r4, r5, r6, r7, lr}
 363              		.cfi_def_cfa_offset 20
 364              		.cfi_offset 4, -20
 365              		.cfi_offset 5, -16
 366              		.cfi_offset 6, -12
 367              		.cfi_offset 7, -8
 368              		.cfi_offset 14, -4
 111:.\herkulexOH.c ****     moveData[conta++] = goalLSB;
 369              		.loc 1 111 0
 370 0002 084D     		ldr	r5, .L25
 371 0004 2F78     		ldrb	r7, [r5]
 372 0006 7E1C     		add	r6, r7, #1
 373 0008 F6B2     		uxtb	r6, r6
 374 000a 074C     		ldr	r4, .L25+4
 375 000c E055     		strb	r0, [r4, r7]
 112:.\herkulexOH.c ****     moveData[conta++] = goalMSB;
 376              		.loc 1 112 0
 377 000e 701C     		add	r0, r6, #1
 378              	.LVL43:
 379 0010 C0B2     		uxtb	r0, r0
 380 0012 A155     		strb	r1, [r4, r6]
 113:.\herkulexOH.c ****     moveData[conta++] = set;
 381              		.loc 1 113 0
 382 0014 411C     		add	r1, r0, #1
 383              	.LVL44:
 384 0016 C9B2     		uxtb	r1, r1
 385 0018 2254     		strb	r2, [r4, r0]
 114:.\herkulexOH.c ****     moveData[conta++] = servoID;
 386              		.loc 1 114 0
 387 001a 4A1C     		add	r2, r1, #1
 388              	.LVL45:
 389 001c 2A70     		strb	r2, [r5]
 390 001e 6354     		strb	r3, [r4, r1]
 391              	.LVL46:
ARM GAS  C:\Users\EDTRIC~1\AppData\Local\Temp\cceqJMNH.s 			page 10


 115:.\herkulexOH.c **** }
 392              		.loc 1 115 0
 393              		@ sp needed
 394 0020 F0BD     		pop	{r4, r5, r6, r7, pc}
 395              	.L26:
 396 0022 C046     		.align	2
 397              	.L25:
 398 0024 00000000 		.word	conta
 399 0028 00000000 		.word	moveData
 400              		.cfi_endproc
 401              	.LFE39:
 402              		.size	addData, .-addData
 403              		.section	.text.Servo_Initialize,"ax",%progbits
 404              		.align	2
 405              		.global	Servo_Initialize
 406              		.code	16
 407              		.thumb_func
 408              		.type	Servo_Initialize, %function
 409              	Servo_Initialize:
 410              	.LFB40:
 116:.\herkulexOH.c **** 
 117:.\herkulexOH.c **** void Servo_Initialize( void )
 118:.\herkulexOH.c **** {
 411              		.loc 1 118 0
 412              		.cfi_startproc
 413 0000 08B5     		push	{r3, lr}
 414              		.cfi_def_cfa_offset 8
 415              		.cfi_offset 3, -8
 416              		.cfi_offset 14, -4
 119:.\herkulexOH.c ****     UART_Start();
 417              		.loc 1 119 0
 418 0002 FFF7FEFF 		bl	UART_Start
 419              	.LVL47:
 120:.\herkulexOH.c ****     conta = 0;
 420              		.loc 1 120 0
 421 0006 0023     		mov	r3, #0
 422 0008 194A     		ldr	r2, .L28
 423 000a 1370     		strb	r3, [r2]
 121:.\herkulexOH.c ****     lengthString = 0;
 424              		.loc 1 121 0
 425 000c 194A     		ldr	r2, .L28+4
 426 000e 1370     		strb	r3, [r2]
 122:.\herkulexOH.c ****     CyDelay(100);
 427              		.loc 1 122 0
 428 0010 6420     		mov	r0, #100
 429 0012 FFF7FEFF 		bl	CyDelay
 430              	.LVL48:
 123:.\herkulexOH.c ****     Servo_clearError(PIDALL);
 431              		.loc 1 123 0
 432 0016 FE20     		mov	r0, #254
 433 0018 FFF7FEFF 		bl	Servo_clearError
 434              	.LVL49:
 124:.\herkulexOH.c ****     CyDelay(10);
 435              		.loc 1 124 0
 436 001c 0A20     		mov	r0, #10
 437 001e FFF7FEFF 		bl	CyDelay
 438              	.LVL50:
ARM GAS  C:\Users\EDTRIC~1\AppData\Local\Temp\cceqJMNH.s 			page 11


 125:.\herkulexOH.c ****     Servo_ACK(1);
 439              		.loc 1 125 0
 440 0022 0120     		mov	r0, #1
 441 0024 FFF7FEFF 		bl	Servo_ACK
 442              	.LVL51:
 126:.\herkulexOH.c ****     CyDelay(10);
 443              		.loc 1 126 0
 444 0028 0A20     		mov	r0, #10
 445 002a FFF7FEFF 		bl	CyDelay
 446              	.LVL52:
 127:.\herkulexOH.c ****     Servo_torqueON(PIDALL);
 447              		.loc 1 127 0
 448 002e FE20     		mov	r0, #254
 449 0030 FFF7FEFF 		bl	Servo_torqueON
 450              	.LVL53:
 128:.\herkulexOH.c ****     CyDelay(10);
 451              		.loc 1 128 0
 452 0034 0A20     		mov	r0, #10
 453 0036 FFF7FEFF 		bl	CyDelay
 454              	.LVL54:
 129:.\herkulexOH.c ****     
 130:.\herkulexOH.c ****     Servo_moveOneAngle( PIDALL , 0 , 1000 , LED_RED );
 455              		.loc 1 130 0
 456 003a FE20     		mov	r0, #254
 457 003c 0021     		mov	r1, #0
 458 003e FA22     		mov	r2, #250
 459 0040 9200     		lsl	r2, r2, #2
 460 0042 0423     		mov	r3, #4
 461 0044 FFF7FEFF 		bl	Servo_moveOneAngle
 462              	.LVL55:
 131:.\herkulexOH.c ****     CyDelay(1200);
 463              		.loc 1 131 0
 464 0048 9620     		mov	r0, #150
 465 004a C000     		lsl	r0, r0, #3
 466 004c FFF7FEFF 		bl	CyDelay
 467              	.LVL56:
 132:.\herkulexOH.c ****     Servo_setLED( PIDALL , LED_GREEN );
 468              		.loc 1 132 0
 469 0050 FE20     		mov	r0, #254
 470 0052 0121     		mov	r1, #1
 471 0054 FFF7FEFF 		bl	Servo_setLED
 472              	.LVL57:
 133:.\herkulexOH.c ****     CyDelay(100);
 473              		.loc 1 133 0
 474 0058 6420     		mov	r0, #100
 475 005a FFF7FEFF 		bl	CyDelay
 476              	.LVL58:
 134:.\herkulexOH.c ****     Servo_setLED( PIDALL , 0 );
 477              		.loc 1 134 0
 478 005e FE20     		mov	r0, #254
 479 0060 0021     		mov	r1, #0
 480 0062 FFF7FEFF 		bl	Servo_setLED
 481              	.LVL59:
 135:.\herkulexOH.c ****     CyDelay(500);
 482              		.loc 1 135 0
 483 0066 FA20     		mov	r0, #250
 484 0068 4000     		lsl	r0, r0, #1
ARM GAS  C:\Users\EDTRIC~1\AppData\Local\Temp\cceqJMNH.s 			page 12


 485 006a FFF7FEFF 		bl	CyDelay
 486              	.LVL60:
 136:.\herkulexOH.c **** }
 487              		.loc 1 136 0
 488              		@ sp needed
 489 006e 08BD     		pop	{r3, pc}
 490              	.L29:
 491              		.align	2
 492              	.L28:
 493 0070 00000000 		.word	conta
 494 0074 00000000 		.word	lengthString
 495              		.cfi_endproc
 496              	.LFE40:
 497              		.size	Servo_Initialize, .-Servo_Initialize
 498              		.comm	moveData,50,4
 499              		.comm	dataEx,58,4
 500              		.comm	data,30,4
 501              		.comm	playTime,4,4
 502              		.comm	XOR,1,1
 503              		.comm	conta,1,1
 504              		.comm	ck2,1,1
 505              		.comm	ck1,1,1
 506              		.comm	lengthString,1,1
 507              		.comm	cmd,1,1
 508              		.comm	pID,1,1
 509              		.comm	pSize,1,1
 510              		.section	.rodata.str1.4,"aMS",%progbits,1
 511              		.align	2
 512              	.LC4:
 513 0000 257800   		.ascii	"%x\000"
 514 0003 00       		.space	1
 515              	.LC6:
 516 0004 307800   		.ascii	"0x\000"
 517 0007 00       		.text
 518              	.Letext0:
 519              		.file 2 "Generated_Source\\PSoC4/cytypes.h"
 520              		.file 3 ".\\herkulexoh.h"
 521              		.file 4 "Generated_Source\\PSoC4/UART_SPI_UART.h"
 522              		.file 5 "Generated_Source\\PSoC4/CyLib.h"
 523              		.file 6 "Generated_Source\\PSoC4/UART.h"
 524              		.file 7 "c:\\program files (x86)\\cypress\\psoc creator\\3.2\\psoc creator\\import\\gnu\\arm\\4.8.
 525              		.section	.debug_info,"",%progbits
 526              	.Ldebug_info0:
 527 0000 F1060000 		.4byte	0x6f1
 528 0004 0400     		.2byte	0x4
 529 0006 00000000 		.4byte	.Ldebug_abbrev0
 530 000a 04       		.byte	0x4
 531 000b 01       		.uleb128 0x1
 532 000c 2A000000 		.4byte	.LASF61
 533 0010 01       		.byte	0x1
 534 0011 A9010000 		.4byte	.LASF62
 535 0015 14020000 		.4byte	.LASF63
 536 0019 00000000 		.4byte	.Ldebug_ranges0+0
 537 001d 00000000 		.4byte	0
 538 0021 00000000 		.4byte	.Ldebug_line0
 539 0025 02       		.uleb128 0x2
 540 0026 01       		.byte	0x1
ARM GAS  C:\Users\EDTRIC~1\AppData\Local\Temp\cceqJMNH.s 			page 13


 541 0027 06       		.byte	0x6
 542 0028 69020000 		.4byte	.LASF0
 543 002c 02       		.uleb128 0x2
 544 002d 01       		.byte	0x1
 545 002e 08       		.byte	0x8
 546 002f 06020000 		.4byte	.LASF1
 547 0033 02       		.uleb128 0x2
 548 0034 02       		.byte	0x2
 549 0035 05       		.byte	0x5
 550 0036 20000000 		.4byte	.LASF2
 551 003a 02       		.uleb128 0x2
 552 003b 02       		.byte	0x2
 553 003c 07       		.byte	0x7
 554 003d A3020000 		.4byte	.LASF3
 555 0041 02       		.uleb128 0x2
 556 0042 04       		.byte	0x4
 557 0043 05       		.byte	0x5
 558 0044 98010000 		.4byte	.LASF4
 559 0048 02       		.uleb128 0x2
 560 0049 04       		.byte	0x4
 561 004a 07       		.byte	0x7
 562 004b 2B030000 		.4byte	.LASF5
 563 004f 02       		.uleb128 0x2
 564 0050 08       		.byte	0x8
 565 0051 05       		.byte	0x5
 566 0052 6A010000 		.4byte	.LASF6
 567 0056 02       		.uleb128 0x2
 568 0057 08       		.byte	0x8
 569 0058 07       		.byte	0x7
 570 0059 75020000 		.4byte	.LASF7
 571 005d 03       		.uleb128 0x3
 572 005e 04       		.byte	0x4
 573 005f 05       		.byte	0x5
 574 0060 696E7400 		.ascii	"int\000"
 575 0064 02       		.uleb128 0x2
 576 0065 04       		.byte	0x4
 577 0066 07       		.byte	0x7
 578 0067 8C020000 		.4byte	.LASF8
 579 006b 04       		.uleb128 0x4
 580 006c EE020000 		.4byte	.LASF9
 581 0070 02       		.byte	0x2
 582 0071 B3       		.byte	0xb3
 583 0072 2C000000 		.4byte	0x2c
 584 0076 04       		.uleb128 0x4
 585 0077 24030000 		.4byte	.LASF10
 586 007b 02       		.byte	0x2
 587 007c B5       		.byte	0xb5
 588 007d 48000000 		.4byte	0x48
 589 0081 02       		.uleb128 0x2
 590 0082 04       		.byte	0x4
 591 0083 04       		.byte	0x4
 592 0084 5B010000 		.4byte	.LASF11
 593 0088 02       		.uleb128 0x2
 594 0089 08       		.byte	0x8
 595 008a 04       		.byte	0x4
 596 008b 45030000 		.4byte	.LASF12
 597 008f 04       		.uleb128 0x4
ARM GAS  C:\Users\EDTRIC~1\AppData\Local\Temp\cceqJMNH.s 			page 14


 598 0090 D4000000 		.4byte	.LASF13
 599 0094 02       		.byte	0x2
 600 0095 C4       		.byte	0xc4
 601 0096 9A000000 		.4byte	0x9a
 602 009a 02       		.uleb128 0x2
 603 009b 01       		.byte	0x1
 604 009c 08       		.byte	0x8
 605 009d B6020000 		.4byte	.LASF14
 606 00a1 02       		.uleb128 0x2
 607 00a2 04       		.byte	0x4
 608 00a3 07       		.byte	0x7
 609 00a4 6F030000 		.4byte	.LASF15
 610 00a8 05       		.uleb128 0x5
 611 00a9 04       		.byte	0x4
 612 00aa 9A000000 		.4byte	0x9a
 613 00ae 05       		.uleb128 0x5
 614 00af 04       		.byte	0x4
 615 00b0 B4000000 		.4byte	0xb4
 616 00b4 06       		.uleb128 0x6
 617 00b5 9A000000 		.4byte	0x9a
 618 00b9 05       		.uleb128 0x5
 619 00ba 04       		.byte	0x4
 620 00bb 6B000000 		.4byte	0x6b
 621 00bf 07       		.uleb128 0x7
 622 00c0 78030000 		.4byte	.LASF20
 623 00c4 01       		.byte	0x1
 624 00c5 1F       		.byte	0x1f
 625 00c6 00000000 		.4byte	.LFB33
 626 00ca 0C000000 		.4byte	.LFE33-.LFB33
 627 00ce 01       		.uleb128 0x1
 628 00cf 9C       		.byte	0x9c
 629 00d0 E7000000 		.4byte	0xe7
 630 00d4 08       		.uleb128 0x8
 631 00d5 06000000 		.4byte	.LVL0
 632 00d9 E8050000 		.4byte	0x5e8
 633 00dd 08       		.uleb128 0x8
 634 00de 0A000000 		.4byte	.LVL1
 635 00e2 F0050000 		.4byte	0x5f0
 636 00e6 00       		.byte	0
 637 00e7 09       		.uleb128 0x9
 638 00e8 A6000000 		.4byte	.LASF18
 639 00ec 01       		.byte	0x1
 640 00ed 25       		.byte	0x25
 641 00ee 6B000000 		.4byte	0x6b
 642 00f2 00000000 		.4byte	.LFB34
 643 00f6 48000000 		.4byte	.LFE34-.LFB34
 644 00fa 01       		.uleb128 0x1
 645 00fb 9C       		.byte	0x9c
 646 00fc 2A010000 		.4byte	0x12a
 647 0100 0A       		.uleb128 0xa
 648 0101 FE020000 		.4byte	.LASF16
 649 0105 01       		.byte	0x1
 650 0106 25       		.byte	0x25
 651 0107 B9000000 		.4byte	0xb9
 652 010b 00000000 		.4byte	.LLST0
 653 010f 0B       		.uleb128 0xb
 654 0110 D4020000 		.4byte	.LASF17
ARM GAS  C:\Users\EDTRIC~1\AppData\Local\Temp\cceqJMNH.s 			page 15


 655 0114 01       		.byte	0x1
 656 0115 25       		.byte	0x25
 657 0116 6B000000 		.4byte	0x6b
 658 011a 01       		.uleb128 0x1
 659 011b 51       		.byte	0x51
 660 011c 0C       		.uleb128 0xc
 661 011d 6900     		.ascii	"i\000"
 662 011f 01       		.byte	0x1
 663 0120 27       		.byte	0x27
 664 0121 6B000000 		.4byte	0x6b
 665 0125 21000000 		.4byte	.LLST1
 666 0129 00       		.byte	0
 667 012a 09       		.uleb128 0x9
 668 012b B0000000 		.4byte	.LASF19
 669 012f 01       		.byte	0x1
 670 0130 36       		.byte	0x36
 671 0131 6B000000 		.4byte	0x6b
 672 0135 00000000 		.4byte	.LFB35
 673 0139 08000000 		.4byte	.LFE35-.LFB35
 674 013d 01       		.uleb128 0x1
 675 013e 9C       		.byte	0x9c
 676 013f 53010000 		.4byte	0x153
 677 0143 0D       		.uleb128 0xd
 678 0144 584F5200 		.ascii	"XOR\000"
 679 0148 01       		.byte	0x1
 680 0149 36       		.byte	0x36
 681 014a 6B000000 		.4byte	0x6b
 682 014e 58000000 		.4byte	.LLST2
 683 0152 00       		.byte	0
 684 0153 07       		.uleb128 0x7
 685 0154 00000000 		.4byte	.LASF21
 686 0158 01       		.byte	0x1
 687 0159 3B       		.byte	0x3b
 688 015a 00000000 		.4byte	.LFB36
 689 015e 38000000 		.4byte	.LFE36-.LFB36
 690 0162 01       		.uleb128 0x1
 691 0163 9C       		.byte	0x9c
 692 0164 F6010000 		.4byte	0x1f6
 693 0168 0D       		.uleb128 0xd
 694 0169 7800     		.ascii	"x\000"
 695 016b 01       		.byte	0x1
 696 016c 3B       		.byte	0x3b
 697 016d 6B000000 		.4byte	0x6b
 698 0171 79000000 		.4byte	.LLST3
 699 0175 0E       		.uleb128 0xe
 700 0176 D6010000 		.4byte	.LASF22
 701 017a 01       		.byte	0x1
 702 017b 3D       		.byte	0x3d
 703 017c F6010000 		.4byte	0x1f6
 704 0180 02       		.uleb128 0x2
 705 0181 91       		.byte	0x91
 706 0182 74       		.sleb128 -12
 707 0183 0F       		.uleb128 0xf
 708 0184 10000000 		.4byte	.LVL13
 709 0188 F8050000 		.4byte	0x5f8
 710 018c A6010000 		.4byte	0x1a6
 711 0190 10       		.uleb128 0x10
ARM GAS  C:\Users\EDTRIC~1\AppData\Local\Temp\cceqJMNH.s 			page 16


 712 0191 01       		.uleb128 0x1
 713 0192 52       		.byte	0x52
 714 0193 02       		.uleb128 0x2
 715 0194 74       		.byte	0x74
 716 0195 00       		.sleb128 0
 717 0196 10       		.uleb128 0x10
 718 0197 01       		.uleb128 0x1
 719 0198 51       		.byte	0x51
 720 0199 05       		.uleb128 0x5
 721 019a 03       		.byte	0x3
 722 019b 00000000 		.4byte	.LC4
 723 019f 10       		.uleb128 0x10
 724 01a0 01       		.uleb128 0x1
 725 01a1 50       		.byte	0x50
 726 01a2 02       		.uleb128 0x2
 727 01a3 91       		.byte	0x91
 728 01a4 74       		.sleb128 -12
 729 01a5 00       		.byte	0
 730 01a6 0F       		.uleb128 0xf
 731 01a7 16000000 		.4byte	.LVL14
 732 01ab 13060000 		.4byte	0x613
 733 01af BD010000 		.4byte	0x1bd
 734 01b3 10       		.uleb128 0x10
 735 01b4 01       		.uleb128 0x1
 736 01b5 50       		.byte	0x50
 737 01b6 05       		.uleb128 0x5
 738 01b7 03       		.byte	0x3
 739 01b8 04000000 		.4byte	.LC6
 740 01bc 00       		.byte	0
 741 01bd 0F       		.uleb128 0xf
 742 01be 20000000 		.4byte	.LVL15
 743 01c2 30060000 		.4byte	0x630
 744 01c6 D1010000 		.4byte	0x1d1
 745 01ca 10       		.uleb128 0x10
 746 01cb 01       		.uleb128 0x1
 747 01cc 50       		.byte	0x50
 748 01cd 02       		.uleb128 0x2
 749 01ce 08       		.byte	0x8
 750 01cf 30       		.byte	0x30
 751 01d0 00       		.byte	0
 752 01d1 0F       		.uleb128 0xf
 753 01d2 26000000 		.4byte	.LVL16
 754 01d6 13060000 		.4byte	0x613
 755 01da E5010000 		.4byte	0x1e5
 756 01de 10       		.uleb128 0x10
 757 01df 01       		.uleb128 0x1
 758 01e0 50       		.byte	0x50
 759 01e1 02       		.uleb128 0x2
 760 01e2 91       		.byte	0x91
 761 01e3 74       		.sleb128 -12
 762 01e4 00       		.byte	0
 763 01e5 11       		.uleb128 0x11
 764 01e6 2C000000 		.4byte	.LVL17
 765 01ea 30060000 		.4byte	0x630
 766 01ee 10       		.uleb128 0x10
 767 01ef 01       		.uleb128 0x1
 768 01f0 50       		.byte	0x50
ARM GAS  C:\Users\EDTRIC~1\AppData\Local\Temp\cceqJMNH.s 			page 17


 769 01f1 02       		.uleb128 0x2
 770 01f2 08       		.byte	0x8
 771 01f3 20       		.byte	0x20
 772 01f4 00       		.byte	0
 773 01f5 00       		.byte	0
 774 01f6 12       		.uleb128 0x12
 775 01f7 9A000000 		.4byte	0x9a
 776 01fb 06020000 		.4byte	0x206
 777 01ff 13       		.uleb128 0x13
 778 0200 A1000000 		.4byte	0xa1
 779 0204 03       		.byte	0x3
 780 0205 00       		.byte	0
 781 0206 07       		.uleb128 0x7
 782 0207 17000000 		.4byte	.LASF23
 783 020b 01       		.byte	0x1
 784 020c 4A       		.byte	0x4a
 785 020d 00000000 		.4byte	.LFB37
 786 0211 1A000000 		.4byte	.LFE37-.LFB37
 787 0215 01       		.uleb128 0x1
 788 0216 9C       		.byte	0x9c
 789 0217 6C020000 		.4byte	0x26c
 790 021b 0A       		.uleb128 0xa
 791 021c 1D030000 		.4byte	.LASF24
 792 0220 01       		.byte	0x1
 793 0221 4A       		.byte	0x4a
 794 0222 B9000000 		.4byte	0xb9
 795 0226 9A000000 		.4byte	.LLST4
 796 022a 0A       		.uleb128 0xa
 797 022b 54010000 		.4byte	.LASF25
 798 022f 01       		.byte	0x1
 799 0230 4A       		.byte	0x4a
 800 0231 6B000000 		.4byte	0x6b
 801 0235 C6000000 		.4byte	.LLST5
 802 0239 08       		.uleb128 0x8
 803 023a 0A000000 		.4byte	.LVL19
 804 023e BF000000 		.4byte	0xbf
 805 0242 0F       		.uleb128 0xf
 806 0243 12000000 		.4byte	.LVL20
 807 0247 42060000 		.4byte	0x642
 808 024b 5C020000 		.4byte	0x25c
 809 024f 10       		.uleb128 0x10
 810 0250 01       		.uleb128 0x1
 811 0251 51       		.byte	0x51
 812 0252 02       		.uleb128 0x2
 813 0253 74       		.byte	0x74
 814 0254 00       		.sleb128 0
 815 0255 10       		.uleb128 0x10
 816 0256 01       		.uleb128 0x1
 817 0257 50       		.byte	0x50
 818 0258 02       		.uleb128 0x2
 819 0259 75       		.byte	0x75
 820 025a 00       		.sleb128 0
 821 025b 00       		.byte	0
 822 025c 11       		.uleb128 0x11
 823 025d 18000000 		.4byte	.LVL21
 824 0261 5F060000 		.4byte	0x65f
 825 0265 10       		.uleb128 0x10
ARM GAS  C:\Users\EDTRIC~1\AppData\Local\Temp\cceqJMNH.s 			page 18


 826 0266 01       		.uleb128 0x1
 827 0267 50       		.byte	0x50
 828 0268 01       		.uleb128 0x1
 829 0269 31       		.byte	0x31
 830 026a 00       		.byte	0
 831 026b 00       		.byte	0
 832 026c 07       		.uleb128 0x7
 833 026d 61010000 		.4byte	.LASF26
 834 0271 01       		.byte	0x1
 835 0272 51       		.byte	0x51
 836 0273 00000000 		.4byte	.LFB38
 837 0277 70000000 		.4byte	.LFE38-.LFB38
 838 027b 01       		.uleb128 0x1
 839 027c 9C       		.byte	0x9c
 840 027d 10030000 		.4byte	0x310
 841 0281 0A       		.uleb128 0xa
 842 0282 61030000 		.4byte	.LASF27
 843 0286 01       		.byte	0x1
 844 0287 51       		.byte	0x51
 845 0288 6B000000 		.4byte	0x6b
 846 028c E7000000 		.4byte	.LLST6
 847 0290 0C       		.uleb128 0xc
 848 0291 6900     		.ascii	"i\000"
 849 0293 01       		.byte	0x1
 850 0294 53       		.byte	0x53
 851 0295 6B000000 		.4byte	0x6b
 852 0299 08010000 		.4byte	.LLST7
 853 029d 14       		.uleb128 0x14
 854 029e 0D000000 		.4byte	.LASF28
 855 02a2 01       		.byte	0x1
 856 02a3 54       		.byte	0x54
 857 02a4 6B000000 		.4byte	0x6b
 858 02a8 3F010000 		.4byte	.LLST8
 859 02ac 14       		.uleb128 0x14
 860 02ad 8C010000 		.4byte	.LASF29
 861 02b1 01       		.byte	0x1
 862 02b2 55       		.byte	0x55
 863 02b3 6B000000 		.4byte	0x6b
 864 02b7 69010000 		.4byte	.LLST9
 865 02bb 15       		.uleb128 0x15
 866 02bc 32000000 		.4byte	.LBB2
 867 02c0 26000000 		.4byte	.LBE2-.LBB2
 868 02c4 E1020000 		.4byte	0x2e1
 869 02c8 14       		.uleb128 0x14
 870 02c9 A1010000 		.4byte	.LASF30
 871 02cd 01       		.byte	0x1
 872 02ce 5E       		.byte	0x5e
 873 02cf 6B000000 		.4byte	0x6b
 874 02d3 A0010000 		.4byte	.LLST10
 875 02d7 08       		.uleb128 0x8
 876 02d8 3E000000 		.4byte	.LVL32
 877 02dc 70060000 		.4byte	0x670
 878 02e0 00       		.byte	0
 879 02e1 0F       		.uleb128 0xf
 880 02e2 1A000000 		.4byte	.LVL28
 881 02e6 5F060000 		.4byte	0x65f
 882 02ea F4020000 		.4byte	0x2f4
ARM GAS  C:\Users\EDTRIC~1\AppData\Local\Temp\cceqJMNH.s 			page 19


 883 02ee 10       		.uleb128 0x10
 884 02ef 01       		.uleb128 0x1
 885 02f0 50       		.byte	0x50
 886 02f1 01       		.uleb128 0x1
 887 02f2 31       		.byte	0x31
 888 02f3 00       		.byte	0
 889 02f4 08       		.uleb128 0x8
 890 02f5 1E000000 		.4byte	.LVL29
 891 02f9 7C060000 		.4byte	0x67c
 892 02fd 08       		.uleb128 0x8
 893 02fe 5C000000 		.4byte	.LVL38
 894 0302 7C060000 		.4byte	0x67c
 895 0306 08       		.uleb128 0x8
 896 0307 64000000 		.4byte	.LVL39
 897 030b BF000000 		.4byte	0xbf
 898 030f 00       		.byte	0
 899 0310 07       		.uleb128 0x7
 900 0311 4C010000 		.4byte	.LASF31
 901 0315 01       		.byte	0x1
 902 0316 6D       		.byte	0x6d
 903 0317 00000000 		.4byte	.LFB39
 904 031b 2C000000 		.4byte	.LFE39-.LFB39
 905 031f 01       		.uleb128 0x1
 906 0320 9C       		.byte	0x9c
 907 0321 60030000 		.4byte	0x360
 908 0325 0A       		.uleb128 0xa
 909 0326 3D030000 		.4byte	.LASF32
 910 032a 01       		.byte	0x1
 911 032b 6D       		.byte	0x6d
 912 032c 5D000000 		.4byte	0x5d
 913 0330 B3010000 		.4byte	.LLST11
 914 0334 0A       		.uleb128 0xa
 915 0335 BB020000 		.4byte	.LASF33
 916 0339 01       		.byte	0x1
 917 033a 6D       		.byte	0x6d
 918 033b 5D000000 		.4byte	0x5d
 919 033f D4010000 		.4byte	.LLST12
 920 0343 0D       		.uleb128 0xd
 921 0344 73657400 		.ascii	"set\000"
 922 0348 01       		.byte	0x1
 923 0349 6D       		.byte	0x6d
 924 034a 6B000000 		.4byte	0x6b
 925 034e F5010000 		.4byte	.LLST13
 926 0352 0B       		.uleb128 0xb
 927 0353 FA000000 		.4byte	.LASF34
 928 0357 01       		.byte	0x1
 929 0358 6D       		.byte	0x6d
 930 0359 6B000000 		.4byte	0x6b
 931 035d 01       		.uleb128 0x1
 932 035e 53       		.byte	0x53
 933 035f 00       		.byte	0
 934 0360 07       		.uleb128 0x7
 935 0361 03030000 		.4byte	.LASF35
 936 0365 01       		.byte	0x1
 937 0366 75       		.byte	0x75
 938 0367 00000000 		.4byte	.LFB40
 939 036b 78000000 		.4byte	.LFE40-.LFB40
ARM GAS  C:\Users\EDTRIC~1\AppData\Local\Temp\cceqJMNH.s 			page 20


 940 036f 01       		.uleb128 0x1
 941 0370 9C       		.byte	0x9c
 942 0371 93040000 		.4byte	0x493
 943 0375 08       		.uleb128 0x8
 944 0376 06000000 		.4byte	.LVL47
 945 037a 88060000 		.4byte	0x688
 946 037e 0F       		.uleb128 0xf
 947 037f 16000000 		.4byte	.LVL48
 948 0383 5F060000 		.4byte	0x65f
 949 0387 92030000 		.4byte	0x392
 950 038b 10       		.uleb128 0x10
 951 038c 01       		.uleb128 0x1
 952 038d 50       		.byte	0x50
 953 038e 02       		.uleb128 0x2
 954 038f 08       		.byte	0x8
 955 0390 64       		.byte	0x64
 956 0391 00       		.byte	0
 957 0392 0F       		.uleb128 0xf
 958 0393 1C000000 		.4byte	.LVL49
 959 0397 8F060000 		.4byte	0x68f
 960 039b A6030000 		.4byte	0x3a6
 961 039f 10       		.uleb128 0x10
 962 03a0 01       		.uleb128 0x1
 963 03a1 50       		.byte	0x50
 964 03a2 02       		.uleb128 0x2
 965 03a3 09       		.byte	0x9
 966 03a4 FE       		.byte	0xfe
 967 03a5 00       		.byte	0
 968 03a6 0F       		.uleb128 0xf
 969 03a7 22000000 		.4byte	.LVL50
 970 03ab 5F060000 		.4byte	0x65f
 971 03af B9030000 		.4byte	0x3b9
 972 03b3 10       		.uleb128 0x10
 973 03b4 01       		.uleb128 0x1
 974 03b5 50       		.byte	0x50
 975 03b6 01       		.uleb128 0x1
 976 03b7 3A       		.byte	0x3a
 977 03b8 00       		.byte	0
 978 03b9 0F       		.uleb128 0xf
 979 03ba 28000000 		.4byte	.LVL51
 980 03be A0060000 		.4byte	0x6a0
 981 03c2 CC030000 		.4byte	0x3cc
 982 03c6 10       		.uleb128 0x10
 983 03c7 01       		.uleb128 0x1
 984 03c8 50       		.byte	0x50
 985 03c9 01       		.uleb128 0x1
 986 03ca 31       		.byte	0x31
 987 03cb 00       		.byte	0
 988 03cc 0F       		.uleb128 0xf
 989 03cd 2E000000 		.4byte	.LVL52
 990 03d1 5F060000 		.4byte	0x65f
 991 03d5 DF030000 		.4byte	0x3df
 992 03d9 10       		.uleb128 0x10
 993 03da 01       		.uleb128 0x1
 994 03db 50       		.byte	0x50
 995 03dc 01       		.uleb128 0x1
 996 03dd 3A       		.byte	0x3a
ARM GAS  C:\Users\EDTRIC~1\AppData\Local\Temp\cceqJMNH.s 			page 21


 997 03de 00       		.byte	0
 998 03df 0F       		.uleb128 0xf
 999 03e0 34000000 		.4byte	.LVL53
 1000 03e4 B1060000 		.4byte	0x6b1
 1001 03e8 F3030000 		.4byte	0x3f3
 1002 03ec 10       		.uleb128 0x10
 1003 03ed 01       		.uleb128 0x1
 1004 03ee 50       		.byte	0x50
 1005 03ef 02       		.uleb128 0x2
 1006 03f0 09       		.byte	0x9
 1007 03f1 FE       		.byte	0xfe
 1008 03f2 00       		.byte	0
 1009 03f3 0F       		.uleb128 0xf
 1010 03f4 3A000000 		.4byte	.LVL54
 1011 03f8 5F060000 		.4byte	0x65f
 1012 03fc 06040000 		.4byte	0x406
 1013 0400 10       		.uleb128 0x10
 1014 0401 01       		.uleb128 0x1
 1015 0402 50       		.byte	0x50
 1016 0403 01       		.uleb128 0x1
 1017 0404 3A       		.byte	0x3a
 1018 0405 00       		.byte	0
 1019 0406 0F       		.uleb128 0xf
 1020 0407 48000000 		.4byte	.LVL55
 1021 040b C2060000 		.4byte	0x6c2
 1022 040f 26040000 		.4byte	0x426
 1023 0413 10       		.uleb128 0x10
 1024 0414 01       		.uleb128 0x1
 1025 0415 53       		.byte	0x53
 1026 0416 01       		.uleb128 0x1
 1027 0417 34       		.byte	0x34
 1028 0418 10       		.uleb128 0x10
 1029 0419 01       		.uleb128 0x1
 1030 041a 52       		.byte	0x52
 1031 041b 03       		.uleb128 0x3
 1032 041c 0A       		.byte	0xa
 1033 041d E803     		.2byte	0x3e8
 1034 041f 10       		.uleb128 0x10
 1035 0420 01       		.uleb128 0x1
 1036 0421 50       		.byte	0x50
 1037 0422 02       		.uleb128 0x2
 1038 0423 09       		.byte	0x9
 1039 0424 FE       		.byte	0xfe
 1040 0425 00       		.byte	0
 1041 0426 0F       		.uleb128 0xf
 1042 0427 50000000 		.4byte	.LVL56
 1043 042b 5F060000 		.4byte	0x65f
 1044 042f 3B040000 		.4byte	0x43b
 1045 0433 10       		.uleb128 0x10
 1046 0434 01       		.uleb128 0x1
 1047 0435 50       		.byte	0x50
 1048 0436 03       		.uleb128 0x3
 1049 0437 0A       		.byte	0xa
 1050 0438 B004     		.2byte	0x4b0
 1051 043a 00       		.byte	0
 1052 043b 0F       		.uleb128 0xf
 1053 043c 58000000 		.4byte	.LVL57
ARM GAS  C:\Users\EDTRIC~1\AppData\Local\Temp\cceqJMNH.s 			page 22


 1054 0440 E2060000 		.4byte	0x6e2
 1055 0444 54040000 		.4byte	0x454
 1056 0448 10       		.uleb128 0x10
 1057 0449 01       		.uleb128 0x1
 1058 044a 51       		.byte	0x51
 1059 044b 01       		.uleb128 0x1
 1060 044c 31       		.byte	0x31
 1061 044d 10       		.uleb128 0x10
 1062 044e 01       		.uleb128 0x1
 1063 044f 50       		.byte	0x50
 1064 0450 02       		.uleb128 0x2
 1065 0451 09       		.byte	0x9
 1066 0452 FE       		.byte	0xfe
 1067 0453 00       		.byte	0
 1068 0454 0F       		.uleb128 0xf
 1069 0455 5E000000 		.4byte	.LVL58
 1070 0459 5F060000 		.4byte	0x65f
 1071 045d 68040000 		.4byte	0x468
 1072 0461 10       		.uleb128 0x10
 1073 0462 01       		.uleb128 0x1
 1074 0463 50       		.byte	0x50
 1075 0464 02       		.uleb128 0x2
 1076 0465 08       		.byte	0x8
 1077 0466 64       		.byte	0x64
 1078 0467 00       		.byte	0
 1079 0468 0F       		.uleb128 0xf
 1080 0469 66000000 		.4byte	.LVL59
 1081 046d E2060000 		.4byte	0x6e2
 1082 0471 81040000 		.4byte	0x481
 1083 0475 10       		.uleb128 0x10
 1084 0476 01       		.uleb128 0x1
 1085 0477 51       		.byte	0x51
 1086 0478 01       		.uleb128 0x1
 1087 0479 30       		.byte	0x30
 1088 047a 10       		.uleb128 0x10
 1089 047b 01       		.uleb128 0x1
 1090 047c 50       		.byte	0x50
 1091 047d 02       		.uleb128 0x2
 1092 047e 09       		.byte	0x9
 1093 047f FE       		.byte	0xfe
 1094 0480 00       		.byte	0
 1095 0481 11       		.uleb128 0x11
 1096 0482 6E000000 		.4byte	.LVL60
 1097 0486 5F060000 		.4byte	0x65f
 1098 048a 10       		.uleb128 0x10
 1099 048b 01       		.uleb128 0x1
 1100 048c 50       		.byte	0x50
 1101 048d 03       		.uleb128 0x3
 1102 048e 0A       		.byte	0xa
 1103 048f F401     		.2byte	0x1f4
 1104 0491 00       		.byte	0
 1105 0492 00       		.byte	0
 1106 0493 16       		.uleb128 0x16
 1107 0494 F4020000 		.4byte	.LASF36
 1108 0498 03       		.byte	0x3
 1109 0499 3D       		.byte	0x3d
 1110 049a 9F040000 		.4byte	0x49f
ARM GAS  C:\Users\EDTRIC~1\AppData\Local\Temp\cceqJMNH.s 			page 23


 1111 049e 01       		.byte	0x1
 1112 049f 06       		.uleb128 0x6
 1113 04a0 6B000000 		.4byte	0x6b
 1114 04a4 16       		.uleb128 0x16
 1115 04a5 83010000 		.4byte	.LASF37
 1116 04a9 03       		.byte	0x3
 1117 04aa 3E       		.byte	0x3e
 1118 04ab 6B000000 		.4byte	0x6b
 1119 04af 02       		.byte	0x2
 1120 04b0 16       		.uleb128 0x16
 1121 04b1 66030000 		.4byte	.LASF38
 1122 04b5 03       		.byte	0x3
 1123 04b6 3F       		.byte	0x3f
 1124 04b7 6B000000 		.4byte	0x6b
 1125 04bb 03       		.byte	0x3
 1126 04bc 16       		.uleb128 0x16
 1127 04bd BF010000 		.4byte	.LASF39
 1128 04c1 03       		.byte	0x3
 1129 04c2 40       		.byte	0x40
 1130 04c3 9F040000 		.4byte	0x49f
 1131 04c7 04       		.byte	0x4
 1132 04c8 16       		.uleb128 0x16
 1133 04c9 78010000 		.4byte	.LASF40
 1134 04cd 03       		.byte	0x3
 1135 04ce 41       		.byte	0x41
 1136 04cf 6B000000 		.4byte	0x6b
 1137 04d3 05       		.byte	0x5
 1138 04d4 16       		.uleb128 0x16
 1139 04d5 FD010000 		.4byte	.LASF41
 1140 04d9 03       		.byte	0x3
 1141 04da 42       		.byte	0x42
 1142 04db 6B000000 		.4byte	0x6b
 1143 04df 06       		.byte	0x6
 1144 04e0 16       		.uleb128 0x16
 1145 04e1 02010000 		.4byte	.LASF42
 1146 04e5 03       		.byte	0x3
 1147 04e6 43       		.byte	0x43
 1148 04e7 6B000000 		.4byte	0x6b
 1149 04eb 07       		.byte	0x7
 1150 04ec 17       		.uleb128 0x17
 1151 04ed C3020000 		.4byte	.LASF43
 1152 04f1 01       		.byte	0x1
 1153 04f2 0F       		.byte	0xf
 1154 04f3 6B000000 		.4byte	0x6b
 1155 04f7 05       		.uleb128 0x5
 1156 04f8 03       		.byte	0x3
 1157 04f9 00000000 		.4byte	pSize
 1158 04fd 18       		.uleb128 0x18
 1159 04fe 70494400 		.ascii	"pID\000"
 1160 0502 01       		.byte	0x1
 1161 0503 10       		.byte	0x10
 1162 0504 6B000000 		.4byte	0x6b
 1163 0508 05       		.uleb128 0x5
 1164 0509 03       		.byte	0x3
 1165 050a 00000000 		.4byte	pID
 1166 050e 18       		.uleb128 0x18
 1167 050f 636D6400 		.ascii	"cmd\000"
ARM GAS  C:\Users\EDTRIC~1\AppData\Local\Temp\cceqJMNH.s 			page 24


 1168 0513 01       		.byte	0x1
 1169 0514 11       		.byte	0x11
 1170 0515 6B000000 		.4byte	0x6b
 1171 0519 05       		.uleb128 0x5
 1172 051a 03       		.byte	0x3
 1173 051b 00000000 		.4byte	cmd
 1174 051f 17       		.uleb128 0x17
 1175 0520 D4020000 		.4byte	.LASF17
 1176 0524 01       		.byte	0x1
 1177 0525 12       		.byte	0x12
 1178 0526 6B000000 		.4byte	0x6b
 1179 052a 05       		.uleb128 0x5
 1180 052b 03       		.byte	0x3
 1181 052c 00000000 		.4byte	lengthString
 1182 0530 18       		.uleb128 0x18
 1183 0531 636B3100 		.ascii	"ck1\000"
 1184 0535 01       		.byte	0x1
 1185 0536 13       		.byte	0x13
 1186 0537 6B000000 		.4byte	0x6b
 1187 053b 05       		.uleb128 0x5
 1188 053c 03       		.byte	0x3
 1189 053d 00000000 		.4byte	ck1
 1190 0541 18       		.uleb128 0x18
 1191 0542 636B3200 		.ascii	"ck2\000"
 1192 0546 01       		.byte	0x1
 1193 0547 14       		.byte	0x14
 1194 0548 6B000000 		.4byte	0x6b
 1195 054c 05       		.uleb128 0x5
 1196 054d 03       		.byte	0x3
 1197 054e 00000000 		.4byte	ck2
 1198 0552 17       		.uleb128 0x17
 1199 0553 DA000000 		.4byte	.LASF44
 1200 0557 01       		.byte	0x1
 1201 0558 16       		.byte	0x16
 1202 0559 6B000000 		.4byte	0x6b
 1203 055d 05       		.uleb128 0x5
 1204 055e 03       		.byte	0x3
 1205 055f 00000000 		.4byte	conta
 1206 0563 18       		.uleb128 0x18
 1207 0564 584F5200 		.ascii	"XOR\000"
 1208 0568 01       		.byte	0x1
 1209 0569 18       		.byte	0x18
 1210 056a 6B000000 		.4byte	0x6b
 1211 056e 05       		.uleb128 0x5
 1212 056f 03       		.byte	0x3
 1213 0570 00000000 		.4byte	XOR
 1214 0574 17       		.uleb128 0x17
 1215 0575 E0000000 		.4byte	.LASF45
 1216 0579 01       		.byte	0x1
 1217 057a 19       		.byte	0x19
 1218 057b 5D000000 		.4byte	0x5d
 1219 057f 05       		.uleb128 0x5
 1220 0580 03       		.byte	0x3
 1221 0581 00000000 		.4byte	playTime
 1222 0585 12       		.uleb128 0x12
 1223 0586 6B000000 		.4byte	0x6b
 1224 058a 95050000 		.4byte	0x595
ARM GAS  C:\Users\EDTRIC~1\AppData\Local\Temp\cceqJMNH.s 			page 25


 1225 058e 13       		.uleb128 0x13
 1226 058f A1000000 		.4byte	0xa1
 1227 0593 1D       		.byte	0x1d
 1228 0594 00       		.byte	0
 1229 0595 17       		.uleb128 0x17
 1230 0596 FE020000 		.4byte	.LASF16
 1231 059a 01       		.byte	0x1
 1232 059b 1B       		.byte	0x1b
 1233 059c 85050000 		.4byte	0x585
 1234 05a0 05       		.uleb128 0x5
 1235 05a1 03       		.byte	0x3
 1236 05a2 00000000 		.4byte	data
 1237 05a6 12       		.uleb128 0x12
 1238 05a7 6B000000 		.4byte	0x6b
 1239 05ab B6050000 		.4byte	0x5b6
 1240 05af 13       		.uleb128 0x13
 1241 05b0 A1000000 		.4byte	0xa1
 1242 05b4 39       		.byte	0x39
 1243 05b5 00       		.byte	0
 1244 05b6 17       		.uleb128 0x17
 1245 05b7 B8010000 		.4byte	.LASF46
 1246 05bb 01       		.byte	0x1
 1247 05bc 1C       		.byte	0x1c
 1248 05bd A6050000 		.4byte	0x5a6
 1249 05c1 05       		.uleb128 0x5
 1250 05c2 03       		.byte	0x3
 1251 05c3 00000000 		.4byte	dataEx
 1252 05c7 12       		.uleb128 0x12
 1253 05c8 6B000000 		.4byte	0x6b
 1254 05cc D7050000 		.4byte	0x5d7
 1255 05d0 13       		.uleb128 0x13
 1256 05d1 A1000000 		.4byte	0xa1
 1257 05d5 31       		.byte	0x31
 1258 05d6 00       		.byte	0
 1259 05d7 17       		.uleb128 0x17
 1260 05d8 14030000 		.4byte	.LASF47
 1261 05dc 01       		.byte	0x1
 1262 05dd 1D       		.byte	0x1d
 1263 05de C7050000 		.4byte	0x5c7
 1264 05e2 05       		.uleb128 0x5
 1265 05e3 03       		.byte	0x3
 1266 05e4 00000000 		.4byte	moveData
 1267 05e8 19       		.uleb128 0x19
 1268 05e9 BA000000 		.4byte	.LASF48
 1269 05ed 04       		.byte	0x4
 1270 05ee 8F01     		.2byte	0x18f
 1271 05f0 19       		.uleb128 0x19
 1272 05f1 DB010000 		.4byte	.LASF49
 1273 05f5 04       		.byte	0x4
 1274 05f6 8701     		.2byte	0x187
 1275 05f8 1A       		.uleb128 0x1a
 1276 05f9 F5010000 		.4byte	.LASF64
 1277 05fd 07       		.byte	0x7
 1278 05fe D9       		.byte	0xd9
 1279 05ff 5D000000 		.4byte	0x5d
 1280 0603 13060000 		.4byte	0x613
 1281 0607 1B       		.uleb128 0x1b
ARM GAS  C:\Users\EDTRIC~1\AppData\Local\Temp\cceqJMNH.s 			page 26


 1282 0608 A8000000 		.4byte	0xa8
 1283 060c 1B       		.uleb128 0x1b
 1284 060d AE000000 		.4byte	0xae
 1285 0611 1C       		.uleb128 0x1c
 1286 0612 00       		.byte	0
 1287 0613 1D       		.uleb128 0x1d
 1288 0614 0C010000 		.4byte	.LASF50
 1289 0618 04       		.byte	0x4
 1290 0619 7701     		.2byte	0x177
 1291 061b 25060000 		.4byte	0x625
 1292 061f 1B       		.uleb128 0x1b
 1293 0620 25060000 		.4byte	0x625
 1294 0624 00       		.byte	0
 1295 0625 05       		.uleb128 0x5
 1296 0626 04       		.byte	0x4
 1297 0627 2B060000 		.4byte	0x62b
 1298 062b 06       		.uleb128 0x6
 1299 062c 8F000000 		.4byte	0x8f
 1300 0630 1D       		.uleb128 0x1d
 1301 0631 9F030000 		.4byte	.LASF51
 1302 0635 04       		.byte	0x4
 1303 0636 8C01     		.2byte	0x18c
 1304 0638 42060000 		.4byte	0x642
 1305 063c 1B       		.uleb128 0x1b
 1306 063d 76000000 		.4byte	0x76
 1307 0641 00       		.byte	0
 1308 0642 1D       		.uleb128 0x1d
 1309 0643 4C030000 		.4byte	.LASF52
 1310 0647 04       		.byte	0x4
 1311 0648 8D01     		.2byte	0x18d
 1312 064a 59060000 		.4byte	0x659
 1313 064e 1B       		.uleb128 0x1b
 1314 064f 59060000 		.4byte	0x659
 1315 0653 1B       		.uleb128 0x1b
 1316 0654 76000000 		.4byte	0x76
 1317 0658 00       		.byte	0
 1318 0659 05       		.uleb128 0x5
 1319 065a 04       		.byte	0x4
 1320 065b 9F040000 		.4byte	0x49f
 1321 065f 1E       		.uleb128 0x1e
 1322 0660 97030000 		.4byte	.LASF53
 1323 0664 05       		.byte	0x5
 1324 0665 57       		.byte	0x57
 1325 0666 70060000 		.4byte	0x670
 1326 066a 1B       		.uleb128 0x1b
 1327 066b 76000000 		.4byte	0x76
 1328 066f 00       		.byte	0
 1329 0670 1F       		.uleb128 0x1f
 1330 0671 1F010000 		.4byte	.LASF54
 1331 0675 04       		.byte	0x4
 1332 0676 6B01     		.2byte	0x16b
 1333 0678 76000000 		.4byte	0x76
 1334 067c 1F       		.uleb128 0x1f
 1335 067d 30010000 		.4byte	.LASF55
 1336 0681 04       		.byte	0x4
 1337 0682 8601     		.2byte	0x186
 1338 0684 76000000 		.4byte	0x76
ARM GAS  C:\Users\EDTRIC~1\AppData\Local\Temp\cceqJMNH.s 			page 27


 1339 0688 20       		.uleb128 0x20
 1340 0689 C9020000 		.4byte	.LASF56
 1341 068d 06       		.byte	0x6
 1342 068e 68       		.byte	0x68
 1343 068f 1E       		.uleb128 0x1e
 1344 0690 E9000000 		.4byte	.LASF57
 1345 0694 03       		.byte	0x3
 1346 0695 B2       		.byte	0xb2
 1347 0696 A0060000 		.4byte	0x6a0
 1348 069a 1B       		.uleb128 0x1b
 1349 069b 6B000000 		.4byte	0x6b
 1350 069f 00       		.byte	0
 1351 06a0 1E       		.uleb128 0x1e
 1352 06a1 99020000 		.4byte	.LASF58
 1353 06a5 03       		.byte	0x3
 1354 06a6 AF       		.byte	0xaf
 1355 06a7 B1060000 		.4byte	0x6b1
 1356 06ab 1B       		.uleb128 0x1b
 1357 06ac 6B000000 		.4byte	0x6b
 1358 06b0 00       		.byte	0
 1359 06b1 1E       		.uleb128 0x1e
 1360 06b2 C7010000 		.4byte	.LASF59
 1361 06b6 03       		.byte	0x3
 1362 06b7 B4       		.byte	0xb4
 1363 06b8 C2060000 		.4byte	0x6c2
 1364 06bc 1B       		.uleb128 0x1b
 1365 06bd 6B000000 		.4byte	0x6b
 1366 06c1 00       		.byte	0
 1367 06c2 1E       		.uleb128 0x1e
 1368 06c3 84030000 		.4byte	.LASF60
 1369 06c7 03       		.byte	0x3
 1370 06c8 BE       		.byte	0xbe
 1371 06c9 E2060000 		.4byte	0x6e2
 1372 06cd 1B       		.uleb128 0x1b
 1373 06ce 6B000000 		.4byte	0x6b
 1374 06d2 1B       		.uleb128 0x1b
 1375 06d3 81000000 		.4byte	0x81
 1376 06d7 1B       		.uleb128 0x1b
 1377 06d8 5D000000 		.4byte	0x5d
 1378 06dc 1B       		.uleb128 0x1b
 1379 06dd 6B000000 		.4byte	0x6b
 1380 06e1 00       		.byte	0
 1381 06e2 21       		.uleb128 0x21
 1382 06e3 E1020000 		.4byte	.LASF65
 1383 06e7 03       		.byte	0x3
 1384 06e8 C5       		.byte	0xc5
 1385 06e9 1B       		.uleb128 0x1b
 1386 06ea 6B000000 		.4byte	0x6b
 1387 06ee 1B       		.uleb128 0x1b
 1388 06ef 6B000000 		.4byte	0x6b
 1389 06f3 00       		.byte	0
 1390 06f4 00       		.byte	0
 1391              		.section	.debug_abbrev,"",%progbits
 1392              	.Ldebug_abbrev0:
 1393 0000 01       		.uleb128 0x1
 1394 0001 11       		.uleb128 0x11
 1395 0002 01       		.byte	0x1
ARM GAS  C:\Users\EDTRIC~1\AppData\Local\Temp\cceqJMNH.s 			page 28


 1396 0003 25       		.uleb128 0x25
 1397 0004 0E       		.uleb128 0xe
 1398 0005 13       		.uleb128 0x13
 1399 0006 0B       		.uleb128 0xb
 1400 0007 03       		.uleb128 0x3
 1401 0008 0E       		.uleb128 0xe
 1402 0009 1B       		.uleb128 0x1b
 1403 000a 0E       		.uleb128 0xe
 1404 000b 55       		.uleb128 0x55
 1405 000c 17       		.uleb128 0x17
 1406 000d 11       		.uleb128 0x11
 1407 000e 01       		.uleb128 0x1
 1408 000f 10       		.uleb128 0x10
 1409 0010 17       		.uleb128 0x17
 1410 0011 00       		.byte	0
 1411 0012 00       		.byte	0
 1412 0013 02       		.uleb128 0x2
 1413 0014 24       		.uleb128 0x24
 1414 0015 00       		.byte	0
 1415 0016 0B       		.uleb128 0xb
 1416 0017 0B       		.uleb128 0xb
 1417 0018 3E       		.uleb128 0x3e
 1418 0019 0B       		.uleb128 0xb
 1419 001a 03       		.uleb128 0x3
 1420 001b 0E       		.uleb128 0xe
 1421 001c 00       		.byte	0
 1422 001d 00       		.byte	0
 1423 001e 03       		.uleb128 0x3
 1424 001f 24       		.uleb128 0x24
 1425 0020 00       		.byte	0
 1426 0021 0B       		.uleb128 0xb
 1427 0022 0B       		.uleb128 0xb
 1428 0023 3E       		.uleb128 0x3e
 1429 0024 0B       		.uleb128 0xb
 1430 0025 03       		.uleb128 0x3
 1431 0026 08       		.uleb128 0x8
 1432 0027 00       		.byte	0
 1433 0028 00       		.byte	0
 1434 0029 04       		.uleb128 0x4
 1435 002a 16       		.uleb128 0x16
 1436 002b 00       		.byte	0
 1437 002c 03       		.uleb128 0x3
 1438 002d 0E       		.uleb128 0xe
 1439 002e 3A       		.uleb128 0x3a
 1440 002f 0B       		.uleb128 0xb
 1441 0030 3B       		.uleb128 0x3b
 1442 0031 0B       		.uleb128 0xb
 1443 0032 49       		.uleb128 0x49
 1444 0033 13       		.uleb128 0x13
 1445 0034 00       		.byte	0
 1446 0035 00       		.byte	0
 1447 0036 05       		.uleb128 0x5
 1448 0037 0F       		.uleb128 0xf
 1449 0038 00       		.byte	0
 1450 0039 0B       		.uleb128 0xb
 1451 003a 0B       		.uleb128 0xb
 1452 003b 49       		.uleb128 0x49
ARM GAS  C:\Users\EDTRIC~1\AppData\Local\Temp\cceqJMNH.s 			page 29


 1453 003c 13       		.uleb128 0x13
 1454 003d 00       		.byte	0
 1455 003e 00       		.byte	0
 1456 003f 06       		.uleb128 0x6
 1457 0040 26       		.uleb128 0x26
 1458 0041 00       		.byte	0
 1459 0042 49       		.uleb128 0x49
 1460 0043 13       		.uleb128 0x13
 1461 0044 00       		.byte	0
 1462 0045 00       		.byte	0
 1463 0046 07       		.uleb128 0x7
 1464 0047 2E       		.uleb128 0x2e
 1465 0048 01       		.byte	0x1
 1466 0049 3F       		.uleb128 0x3f
 1467 004a 19       		.uleb128 0x19
 1468 004b 03       		.uleb128 0x3
 1469 004c 0E       		.uleb128 0xe
 1470 004d 3A       		.uleb128 0x3a
 1471 004e 0B       		.uleb128 0xb
 1472 004f 3B       		.uleb128 0x3b
 1473 0050 0B       		.uleb128 0xb
 1474 0051 27       		.uleb128 0x27
 1475 0052 19       		.uleb128 0x19
 1476 0053 11       		.uleb128 0x11
 1477 0054 01       		.uleb128 0x1
 1478 0055 12       		.uleb128 0x12
 1479 0056 06       		.uleb128 0x6
 1480 0057 40       		.uleb128 0x40
 1481 0058 18       		.uleb128 0x18
 1482 0059 9742     		.uleb128 0x2117
 1483 005b 19       		.uleb128 0x19
 1484 005c 01       		.uleb128 0x1
 1485 005d 13       		.uleb128 0x13
 1486 005e 00       		.byte	0
 1487 005f 00       		.byte	0
 1488 0060 08       		.uleb128 0x8
 1489 0061 898201   		.uleb128 0x4109
 1490 0064 00       		.byte	0
 1491 0065 11       		.uleb128 0x11
 1492 0066 01       		.uleb128 0x1
 1493 0067 31       		.uleb128 0x31
 1494 0068 13       		.uleb128 0x13
 1495 0069 00       		.byte	0
 1496 006a 00       		.byte	0
 1497 006b 09       		.uleb128 0x9
 1498 006c 2E       		.uleb128 0x2e
 1499 006d 01       		.byte	0x1
 1500 006e 3F       		.uleb128 0x3f
 1501 006f 19       		.uleb128 0x19
 1502 0070 03       		.uleb128 0x3
 1503 0071 0E       		.uleb128 0xe
 1504 0072 3A       		.uleb128 0x3a
 1505 0073 0B       		.uleb128 0xb
 1506 0074 3B       		.uleb128 0x3b
 1507 0075 0B       		.uleb128 0xb
 1508 0076 27       		.uleb128 0x27
 1509 0077 19       		.uleb128 0x19
ARM GAS  C:\Users\EDTRIC~1\AppData\Local\Temp\cceqJMNH.s 			page 30


 1510 0078 49       		.uleb128 0x49
 1511 0079 13       		.uleb128 0x13
 1512 007a 11       		.uleb128 0x11
 1513 007b 01       		.uleb128 0x1
 1514 007c 12       		.uleb128 0x12
 1515 007d 06       		.uleb128 0x6
 1516 007e 40       		.uleb128 0x40
 1517 007f 18       		.uleb128 0x18
 1518 0080 9742     		.uleb128 0x2117
 1519 0082 19       		.uleb128 0x19
 1520 0083 01       		.uleb128 0x1
 1521 0084 13       		.uleb128 0x13
 1522 0085 00       		.byte	0
 1523 0086 00       		.byte	0
 1524 0087 0A       		.uleb128 0xa
 1525 0088 05       		.uleb128 0x5
 1526 0089 00       		.byte	0
 1527 008a 03       		.uleb128 0x3
 1528 008b 0E       		.uleb128 0xe
 1529 008c 3A       		.uleb128 0x3a
 1530 008d 0B       		.uleb128 0xb
 1531 008e 3B       		.uleb128 0x3b
 1532 008f 0B       		.uleb128 0xb
 1533 0090 49       		.uleb128 0x49
 1534 0091 13       		.uleb128 0x13
 1535 0092 02       		.uleb128 0x2
 1536 0093 17       		.uleb128 0x17
 1537 0094 00       		.byte	0
 1538 0095 00       		.byte	0
 1539 0096 0B       		.uleb128 0xb
 1540 0097 05       		.uleb128 0x5
 1541 0098 00       		.byte	0
 1542 0099 03       		.uleb128 0x3
 1543 009a 0E       		.uleb128 0xe
 1544 009b 3A       		.uleb128 0x3a
 1545 009c 0B       		.uleb128 0xb
 1546 009d 3B       		.uleb128 0x3b
 1547 009e 0B       		.uleb128 0xb
 1548 009f 49       		.uleb128 0x49
 1549 00a0 13       		.uleb128 0x13
 1550 00a1 02       		.uleb128 0x2
 1551 00a2 18       		.uleb128 0x18
 1552 00a3 00       		.byte	0
 1553 00a4 00       		.byte	0
 1554 00a5 0C       		.uleb128 0xc
 1555 00a6 34       		.uleb128 0x34
 1556 00a7 00       		.byte	0
 1557 00a8 03       		.uleb128 0x3
 1558 00a9 08       		.uleb128 0x8
 1559 00aa 3A       		.uleb128 0x3a
 1560 00ab 0B       		.uleb128 0xb
 1561 00ac 3B       		.uleb128 0x3b
 1562 00ad 0B       		.uleb128 0xb
 1563 00ae 49       		.uleb128 0x49
 1564 00af 13       		.uleb128 0x13
 1565 00b0 02       		.uleb128 0x2
 1566 00b1 17       		.uleb128 0x17
ARM GAS  C:\Users\EDTRIC~1\AppData\Local\Temp\cceqJMNH.s 			page 31


 1567 00b2 00       		.byte	0
 1568 00b3 00       		.byte	0
 1569 00b4 0D       		.uleb128 0xd
 1570 00b5 05       		.uleb128 0x5
 1571 00b6 00       		.byte	0
 1572 00b7 03       		.uleb128 0x3
 1573 00b8 08       		.uleb128 0x8
 1574 00b9 3A       		.uleb128 0x3a
 1575 00ba 0B       		.uleb128 0xb
 1576 00bb 3B       		.uleb128 0x3b
 1577 00bc 0B       		.uleb128 0xb
 1578 00bd 49       		.uleb128 0x49
 1579 00be 13       		.uleb128 0x13
 1580 00bf 02       		.uleb128 0x2
 1581 00c0 17       		.uleb128 0x17
 1582 00c1 00       		.byte	0
 1583 00c2 00       		.byte	0
 1584 00c3 0E       		.uleb128 0xe
 1585 00c4 34       		.uleb128 0x34
 1586 00c5 00       		.byte	0
 1587 00c6 03       		.uleb128 0x3
 1588 00c7 0E       		.uleb128 0xe
 1589 00c8 3A       		.uleb128 0x3a
 1590 00c9 0B       		.uleb128 0xb
 1591 00ca 3B       		.uleb128 0x3b
 1592 00cb 0B       		.uleb128 0xb
 1593 00cc 49       		.uleb128 0x49
 1594 00cd 13       		.uleb128 0x13
 1595 00ce 02       		.uleb128 0x2
 1596 00cf 18       		.uleb128 0x18
 1597 00d0 00       		.byte	0
 1598 00d1 00       		.byte	0
 1599 00d2 0F       		.uleb128 0xf
 1600 00d3 898201   		.uleb128 0x4109
 1601 00d6 01       		.byte	0x1
 1602 00d7 11       		.uleb128 0x11
 1603 00d8 01       		.uleb128 0x1
 1604 00d9 31       		.uleb128 0x31
 1605 00da 13       		.uleb128 0x13
 1606 00db 01       		.uleb128 0x1
 1607 00dc 13       		.uleb128 0x13
 1608 00dd 00       		.byte	0
 1609 00de 00       		.byte	0
 1610 00df 10       		.uleb128 0x10
 1611 00e0 8A8201   		.uleb128 0x410a
 1612 00e3 00       		.byte	0
 1613 00e4 02       		.uleb128 0x2
 1614 00e5 18       		.uleb128 0x18
 1615 00e6 9142     		.uleb128 0x2111
 1616 00e8 18       		.uleb128 0x18
 1617 00e9 00       		.byte	0
 1618 00ea 00       		.byte	0
 1619 00eb 11       		.uleb128 0x11
 1620 00ec 898201   		.uleb128 0x4109
 1621 00ef 01       		.byte	0x1
 1622 00f0 11       		.uleb128 0x11
 1623 00f1 01       		.uleb128 0x1
ARM GAS  C:\Users\EDTRIC~1\AppData\Local\Temp\cceqJMNH.s 			page 32


 1624 00f2 31       		.uleb128 0x31
 1625 00f3 13       		.uleb128 0x13
 1626 00f4 00       		.byte	0
 1627 00f5 00       		.byte	0
 1628 00f6 12       		.uleb128 0x12
 1629 00f7 01       		.uleb128 0x1
 1630 00f8 01       		.byte	0x1
 1631 00f9 49       		.uleb128 0x49
 1632 00fa 13       		.uleb128 0x13
 1633 00fb 01       		.uleb128 0x1
 1634 00fc 13       		.uleb128 0x13
 1635 00fd 00       		.byte	0
 1636 00fe 00       		.byte	0
 1637 00ff 13       		.uleb128 0x13
 1638 0100 21       		.uleb128 0x21
 1639 0101 00       		.byte	0
 1640 0102 49       		.uleb128 0x49
 1641 0103 13       		.uleb128 0x13
 1642 0104 2F       		.uleb128 0x2f
 1643 0105 0B       		.uleb128 0xb
 1644 0106 00       		.byte	0
 1645 0107 00       		.byte	0
 1646 0108 14       		.uleb128 0x14
 1647 0109 34       		.uleb128 0x34
 1648 010a 00       		.byte	0
 1649 010b 03       		.uleb128 0x3
 1650 010c 0E       		.uleb128 0xe
 1651 010d 3A       		.uleb128 0x3a
 1652 010e 0B       		.uleb128 0xb
 1653 010f 3B       		.uleb128 0x3b
 1654 0110 0B       		.uleb128 0xb
 1655 0111 49       		.uleb128 0x49
 1656 0112 13       		.uleb128 0x13
 1657 0113 02       		.uleb128 0x2
 1658 0114 17       		.uleb128 0x17
 1659 0115 00       		.byte	0
 1660 0116 00       		.byte	0
 1661 0117 15       		.uleb128 0x15
 1662 0118 0B       		.uleb128 0xb
 1663 0119 01       		.byte	0x1
 1664 011a 11       		.uleb128 0x11
 1665 011b 01       		.uleb128 0x1
 1666 011c 12       		.uleb128 0x12
 1667 011d 06       		.uleb128 0x6
 1668 011e 01       		.uleb128 0x1
 1669 011f 13       		.uleb128 0x13
 1670 0120 00       		.byte	0
 1671 0121 00       		.byte	0
 1672 0122 16       		.uleb128 0x16
 1673 0123 34       		.uleb128 0x34
 1674 0124 00       		.byte	0
 1675 0125 03       		.uleb128 0x3
 1676 0126 0E       		.uleb128 0xe
 1677 0127 3A       		.uleb128 0x3a
 1678 0128 0B       		.uleb128 0xb
 1679 0129 3B       		.uleb128 0x3b
 1680 012a 0B       		.uleb128 0xb
ARM GAS  C:\Users\EDTRIC~1\AppData\Local\Temp\cceqJMNH.s 			page 33


 1681 012b 49       		.uleb128 0x49
 1682 012c 13       		.uleb128 0x13
 1683 012d 1C       		.uleb128 0x1c
 1684 012e 0B       		.uleb128 0xb
 1685 012f 00       		.byte	0
 1686 0130 00       		.byte	0
 1687 0131 17       		.uleb128 0x17
 1688 0132 34       		.uleb128 0x34
 1689 0133 00       		.byte	0
 1690 0134 03       		.uleb128 0x3
 1691 0135 0E       		.uleb128 0xe
 1692 0136 3A       		.uleb128 0x3a
 1693 0137 0B       		.uleb128 0xb
 1694 0138 3B       		.uleb128 0x3b
 1695 0139 0B       		.uleb128 0xb
 1696 013a 49       		.uleb128 0x49
 1697 013b 13       		.uleb128 0x13
 1698 013c 3F       		.uleb128 0x3f
 1699 013d 19       		.uleb128 0x19
 1700 013e 02       		.uleb128 0x2
 1701 013f 18       		.uleb128 0x18
 1702 0140 00       		.byte	0
 1703 0141 00       		.byte	0
 1704 0142 18       		.uleb128 0x18
 1705 0143 34       		.uleb128 0x34
 1706 0144 00       		.byte	0
 1707 0145 03       		.uleb128 0x3
 1708 0146 08       		.uleb128 0x8
 1709 0147 3A       		.uleb128 0x3a
 1710 0148 0B       		.uleb128 0xb
 1711 0149 3B       		.uleb128 0x3b
 1712 014a 0B       		.uleb128 0xb
 1713 014b 49       		.uleb128 0x49
 1714 014c 13       		.uleb128 0x13
 1715 014d 3F       		.uleb128 0x3f
 1716 014e 19       		.uleb128 0x19
 1717 014f 02       		.uleb128 0x2
 1718 0150 18       		.uleb128 0x18
 1719 0151 00       		.byte	0
 1720 0152 00       		.byte	0
 1721 0153 19       		.uleb128 0x19
 1722 0154 2E       		.uleb128 0x2e
 1723 0155 00       		.byte	0
 1724 0156 3F       		.uleb128 0x3f
 1725 0157 19       		.uleb128 0x19
 1726 0158 03       		.uleb128 0x3
 1727 0159 0E       		.uleb128 0xe
 1728 015a 3A       		.uleb128 0x3a
 1729 015b 0B       		.uleb128 0xb
 1730 015c 3B       		.uleb128 0x3b
 1731 015d 05       		.uleb128 0x5
 1732 015e 27       		.uleb128 0x27
 1733 015f 19       		.uleb128 0x19
 1734 0160 3C       		.uleb128 0x3c
 1735 0161 19       		.uleb128 0x19
 1736 0162 00       		.byte	0
 1737 0163 00       		.byte	0
ARM GAS  C:\Users\EDTRIC~1\AppData\Local\Temp\cceqJMNH.s 			page 34


 1738 0164 1A       		.uleb128 0x1a
 1739 0165 2E       		.uleb128 0x2e
 1740 0166 01       		.byte	0x1
 1741 0167 3F       		.uleb128 0x3f
 1742 0168 19       		.uleb128 0x19
 1743 0169 03       		.uleb128 0x3
 1744 016a 0E       		.uleb128 0xe
 1745 016b 3A       		.uleb128 0x3a
 1746 016c 0B       		.uleb128 0xb
 1747 016d 3B       		.uleb128 0x3b
 1748 016e 0B       		.uleb128 0xb
 1749 016f 27       		.uleb128 0x27
 1750 0170 19       		.uleb128 0x19
 1751 0171 49       		.uleb128 0x49
 1752 0172 13       		.uleb128 0x13
 1753 0173 3C       		.uleb128 0x3c
 1754 0174 19       		.uleb128 0x19
 1755 0175 01       		.uleb128 0x1
 1756 0176 13       		.uleb128 0x13
 1757 0177 00       		.byte	0
 1758 0178 00       		.byte	0
 1759 0179 1B       		.uleb128 0x1b
 1760 017a 05       		.uleb128 0x5
 1761 017b 00       		.byte	0
 1762 017c 49       		.uleb128 0x49
 1763 017d 13       		.uleb128 0x13
 1764 017e 00       		.byte	0
 1765 017f 00       		.byte	0
 1766 0180 1C       		.uleb128 0x1c
 1767 0181 18       		.uleb128 0x18
 1768 0182 00       		.byte	0
 1769 0183 00       		.byte	0
 1770 0184 00       		.byte	0
 1771 0185 1D       		.uleb128 0x1d
 1772 0186 2E       		.uleb128 0x2e
 1773 0187 01       		.byte	0x1
 1774 0188 3F       		.uleb128 0x3f
 1775 0189 19       		.uleb128 0x19
 1776 018a 03       		.uleb128 0x3
 1777 018b 0E       		.uleb128 0xe
 1778 018c 3A       		.uleb128 0x3a
 1779 018d 0B       		.uleb128 0xb
 1780 018e 3B       		.uleb128 0x3b
 1781 018f 05       		.uleb128 0x5
 1782 0190 27       		.uleb128 0x27
 1783 0191 19       		.uleb128 0x19
 1784 0192 3C       		.uleb128 0x3c
 1785 0193 19       		.uleb128 0x19
 1786 0194 01       		.uleb128 0x1
 1787 0195 13       		.uleb128 0x13
 1788 0196 00       		.byte	0
 1789 0197 00       		.byte	0
 1790 0198 1E       		.uleb128 0x1e
 1791 0199 2E       		.uleb128 0x2e
 1792 019a 01       		.byte	0x1
 1793 019b 3F       		.uleb128 0x3f
 1794 019c 19       		.uleb128 0x19
ARM GAS  C:\Users\EDTRIC~1\AppData\Local\Temp\cceqJMNH.s 			page 35


 1795 019d 03       		.uleb128 0x3
 1796 019e 0E       		.uleb128 0xe
 1797 019f 3A       		.uleb128 0x3a
 1798 01a0 0B       		.uleb128 0xb
 1799 01a1 3B       		.uleb128 0x3b
 1800 01a2 0B       		.uleb128 0xb
 1801 01a3 27       		.uleb128 0x27
 1802 01a4 19       		.uleb128 0x19
 1803 01a5 3C       		.uleb128 0x3c
 1804 01a6 19       		.uleb128 0x19
 1805 01a7 01       		.uleb128 0x1
 1806 01a8 13       		.uleb128 0x13
 1807 01a9 00       		.byte	0
 1808 01aa 00       		.byte	0
 1809 01ab 1F       		.uleb128 0x1f
 1810 01ac 2E       		.uleb128 0x2e
 1811 01ad 00       		.byte	0
 1812 01ae 3F       		.uleb128 0x3f
 1813 01af 19       		.uleb128 0x19
 1814 01b0 03       		.uleb128 0x3
 1815 01b1 0E       		.uleb128 0xe
 1816 01b2 3A       		.uleb128 0x3a
 1817 01b3 0B       		.uleb128 0xb
 1818 01b4 3B       		.uleb128 0x3b
 1819 01b5 05       		.uleb128 0x5
 1820 01b6 27       		.uleb128 0x27
 1821 01b7 19       		.uleb128 0x19
 1822 01b8 49       		.uleb128 0x49
 1823 01b9 13       		.uleb128 0x13
 1824 01ba 3C       		.uleb128 0x3c
 1825 01bb 19       		.uleb128 0x19
 1826 01bc 00       		.byte	0
 1827 01bd 00       		.byte	0
 1828 01be 20       		.uleb128 0x20
 1829 01bf 2E       		.uleb128 0x2e
 1830 01c0 00       		.byte	0
 1831 01c1 3F       		.uleb128 0x3f
 1832 01c2 19       		.uleb128 0x19
 1833 01c3 03       		.uleb128 0x3
 1834 01c4 0E       		.uleb128 0xe
 1835 01c5 3A       		.uleb128 0x3a
 1836 01c6 0B       		.uleb128 0xb
 1837 01c7 3B       		.uleb128 0x3b
 1838 01c8 0B       		.uleb128 0xb
 1839 01c9 27       		.uleb128 0x27
 1840 01ca 19       		.uleb128 0x19
 1841 01cb 3C       		.uleb128 0x3c
 1842 01cc 19       		.uleb128 0x19
 1843 01cd 00       		.byte	0
 1844 01ce 00       		.byte	0
 1845 01cf 21       		.uleb128 0x21
 1846 01d0 2E       		.uleb128 0x2e
 1847 01d1 01       		.byte	0x1
 1848 01d2 3F       		.uleb128 0x3f
 1849 01d3 19       		.uleb128 0x19
 1850 01d4 03       		.uleb128 0x3
 1851 01d5 0E       		.uleb128 0xe
ARM GAS  C:\Users\EDTRIC~1\AppData\Local\Temp\cceqJMNH.s 			page 36


 1852 01d6 3A       		.uleb128 0x3a
 1853 01d7 0B       		.uleb128 0xb
 1854 01d8 3B       		.uleb128 0x3b
 1855 01d9 0B       		.uleb128 0xb
 1856 01da 27       		.uleb128 0x27
 1857 01db 19       		.uleb128 0x19
 1858 01dc 3C       		.uleb128 0x3c
 1859 01dd 19       		.uleb128 0x19
 1860 01de 00       		.byte	0
 1861 01df 00       		.byte	0
 1862 01e0 00       		.byte	0
 1863              		.section	.debug_loc,"",%progbits
 1864              	.Ldebug_loc0:
 1865              	.LLST0:
 1866 0000 00000000 		.4byte	.LVL2
 1867 0004 30000000 		.4byte	.LVL8
 1868 0008 0100     		.2byte	0x1
 1869 000a 50       		.byte	0x50
 1870 000b 30000000 		.4byte	.LVL8
 1871 000f 48000000 		.4byte	.LFE34
 1872 0013 0400     		.2byte	0x4
 1873 0015 F3       		.byte	0xf3
 1874 0016 01       		.uleb128 0x1
 1875 0017 50       		.byte	0x50
 1876 0018 9F       		.byte	0x9f
 1877 0019 00000000 		.4byte	0
 1878 001d 00000000 		.4byte	0
 1879              	.LLST1:
 1880 0021 16000000 		.4byte	.LVL3
 1881 0025 1C000000 		.4byte	.LVL4
 1882 0029 0200     		.2byte	0x2
 1883 002b 30       		.byte	0x30
 1884 002c 9F       		.byte	0x9f
 1885 002d 1C000000 		.4byte	.LVL4
 1886 0031 26000000 		.4byte	.LVL5
 1887 0035 0100     		.2byte	0x1
 1888 0037 53       		.byte	0x53
 1889 0038 26000000 		.4byte	.LVL5
 1890 003c 28000000 		.4byte	.LVL6
 1891 0040 0300     		.2byte	0x3
 1892 0042 73       		.byte	0x73
 1893 0043 7F       		.sleb128 -1
 1894 0044 9F       		.byte	0x9f
 1895 0045 28000000 		.4byte	.LVL6
 1896 0049 2E000000 		.4byte	.LVL7
 1897 004d 0100     		.2byte	0x1
 1898 004f 53       		.byte	0x53
 1899 0050 00000000 		.4byte	0
 1900 0054 00000000 		.4byte	0
 1901              	.LLST2:
 1902 0058 00000000 		.4byte	.LVL9
 1903 005c 06000000 		.4byte	.LVL10
 1904 0060 0100     		.2byte	0x1
 1905 0062 50       		.byte	0x50
 1906 0063 06000000 		.4byte	.LVL10
 1907 0067 08000000 		.4byte	.LFE35
 1908 006b 0400     		.2byte	0x4
ARM GAS  C:\Users\EDTRIC~1\AppData\Local\Temp\cceqJMNH.s 			page 37


 1909 006d F3       		.byte	0xf3
 1910 006e 01       		.uleb128 0x1
 1911 006f 50       		.byte	0x50
 1912 0070 9F       		.byte	0x9f
 1913 0071 00000000 		.4byte	0
 1914 0075 00000000 		.4byte	0
 1915              	.LLST3:
 1916 0079 00000000 		.4byte	.LVL11
 1917 007d 08000000 		.4byte	.LVL12
 1918 0081 0100     		.2byte	0x1
 1919 0083 50       		.byte	0x50
 1920 0084 08000000 		.4byte	.LVL12
 1921 0088 38000000 		.4byte	.LFE36
 1922 008c 0400     		.2byte	0x4
 1923 008e F3       		.byte	0xf3
 1924 008f 01       		.uleb128 0x1
 1925 0090 50       		.byte	0x50
 1926 0091 9F       		.byte	0x9f
 1927 0092 00000000 		.4byte	0
 1928 0096 00000000 		.4byte	0
 1929              	.LLST4:
 1930 009a 00000000 		.4byte	.LVL18
 1931 009e 09000000 		.4byte	.LVL19-1
 1932 00a2 0100     		.2byte	0x1
 1933 00a4 50       		.byte	0x50
 1934 00a5 09000000 		.4byte	.LVL19-1
 1935 00a9 18000000 		.4byte	.LVL22
 1936 00ad 0100     		.2byte	0x1
 1937 00af 55       		.byte	0x55
 1938 00b0 18000000 		.4byte	.LVL22
 1939 00b4 1A000000 		.4byte	.LFE37
 1940 00b8 0400     		.2byte	0x4
 1941 00ba F3       		.byte	0xf3
 1942 00bb 01       		.uleb128 0x1
 1943 00bc 50       		.byte	0x50
 1944 00bd 9F       		.byte	0x9f
 1945 00be 00000000 		.4byte	0
 1946 00c2 00000000 		.4byte	0
 1947              	.LLST5:
 1948 00c6 00000000 		.4byte	.LVL18
 1949 00ca 09000000 		.4byte	.LVL19-1
 1950 00ce 0100     		.2byte	0x1
 1951 00d0 51       		.byte	0x51
 1952 00d1 09000000 		.4byte	.LVL19-1
 1953 00d5 1A000000 		.4byte	.LFE37
 1954 00d9 0400     		.2byte	0x4
 1955 00db F3       		.byte	0xf3
 1956 00dc 01       		.uleb128 0x1
 1957 00dd 51       		.byte	0x51
 1958 00de 9F       		.byte	0x9f
 1959 00df 00000000 		.4byte	0
 1960 00e3 00000000 		.4byte	0
 1961              	.LLST6:
 1962 00e7 00000000 		.4byte	.LVL23
 1963 00eb 10000000 		.4byte	.LVL25
 1964 00ef 0100     		.2byte	0x1
 1965 00f1 50       		.byte	0x50
ARM GAS  C:\Users\EDTRIC~1\AppData\Local\Temp\cceqJMNH.s 			page 38


 1966 00f2 10000000 		.4byte	.LVL25
 1967 00f6 70000000 		.4byte	.LFE38
 1968 00fa 0400     		.2byte	0x4
 1969 00fc F3       		.byte	0xf3
 1970 00fd 01       		.uleb128 0x1
 1971 00fe 50       		.byte	0x50
 1972 00ff 9F       		.byte	0x9f
 1973 0100 00000000 		.4byte	0
 1974 0104 00000000 		.4byte	0
 1975              	.LLST7:
 1976 0108 08000000 		.4byte	.LVL24
 1977 010c 3A000000 		.4byte	.LVL31
 1978 0110 0200     		.2byte	0x2
 1979 0112 30       		.byte	0x30
 1980 0113 9F       		.byte	0x9f
 1981 0114 3A000000 		.4byte	.LVL31
 1982 0118 56000000 		.4byte	.LVL36
 1983 011c 0100     		.2byte	0x1
 1984 011e 55       		.byte	0x55
 1985 011f 56000000 		.4byte	.LVL36
 1986 0123 58000000 		.4byte	.LVL37
 1987 0127 0300     		.2byte	0x3
 1988 0129 75       		.byte	0x75
 1989 012a 7F       		.sleb128 -1
 1990 012b 9F       		.byte	0x9f
 1991 012c 58000000 		.4byte	.LVL37
 1992 0130 64000000 		.4byte	.LVL41
 1993 0134 0100     		.2byte	0x1
 1994 0136 55       		.byte	0x55
 1995 0137 00000000 		.4byte	0
 1996 013b 00000000 		.4byte	0
 1997              	.LLST8:
 1998 013f 08000000 		.4byte	.LVL24
 1999 0143 3A000000 		.4byte	.LVL31
 2000 0147 0200     		.2byte	0x2
 2001 0149 30       		.byte	0x30
 2002 014a 9F       		.byte	0x9f
 2003 014b 3A000000 		.4byte	.LVL31
 2004 014f 46000000 		.4byte	.LVL34
 2005 0153 0100     		.2byte	0x1
 2006 0155 54       		.byte	0x54
 2007 0156 48000000 		.4byte	.LVL35
 2008 015a 64000000 		.4byte	.LVL40
 2009 015e 0100     		.2byte	0x1
 2010 0160 54       		.byte	0x54
 2011 0161 00000000 		.4byte	0
 2012 0165 00000000 		.4byte	0
 2013              	.LLST9:
 2014 0169 08000000 		.4byte	.LVL24
 2015 016d 10000000 		.4byte	.LVL25
 2016 0171 0200     		.2byte	0x2
 2017 0173 30       		.byte	0x30
 2018 0174 9F       		.byte	0x9f
 2019 0175 10000000 		.4byte	.LVL25
 2020 0179 12000000 		.4byte	.LVL26
 2021 017d 0100     		.2byte	0x1
 2022 017f 54       		.byte	0x54
ARM GAS  C:\Users\EDTRIC~1\AppData\Local\Temp\cceqJMNH.s 			page 39


 2023 0180 12000000 		.4byte	.LVL26
 2024 0184 14000000 		.4byte	.LVL27
 2025 0188 0300     		.2byte	0x3
 2026 018a 74       		.byte	0x74
 2027 018b 7F       		.sleb128 -1
 2028 018c 9F       		.byte	0x9f
 2029 018d 14000000 		.4byte	.LVL27
 2030 0191 30000000 		.4byte	.LVL30
 2031 0195 0100     		.2byte	0x1
 2032 0197 54       		.byte	0x54
 2033 0198 00000000 		.4byte	0
 2034 019c 00000000 		.4byte	0
 2035              	.LLST10:
 2036 01a0 40000000 		.4byte	.LVL33
 2037 01a4 58000000 		.4byte	.LVL37
 2038 01a8 0100     		.2byte	0x1
 2039 01aa 50       		.byte	0x50
 2040 01ab 00000000 		.4byte	0
 2041 01af 00000000 		.4byte	0
 2042              	.LLST11:
 2043 01b3 00000000 		.4byte	.LVL42
 2044 01b7 10000000 		.4byte	.LVL43
 2045 01bb 0100     		.2byte	0x1
 2046 01bd 50       		.byte	0x50
 2047 01be 10000000 		.4byte	.LVL43
 2048 01c2 2C000000 		.4byte	.LFE39
 2049 01c6 0400     		.2byte	0x4
 2050 01c8 F3       		.byte	0xf3
 2051 01c9 01       		.uleb128 0x1
 2052 01ca 50       		.byte	0x50
 2053 01cb 9F       		.byte	0x9f
 2054 01cc 00000000 		.4byte	0
 2055 01d0 00000000 		.4byte	0
 2056              	.LLST12:
 2057 01d4 00000000 		.4byte	.LVL42
 2058 01d8 16000000 		.4byte	.LVL44
 2059 01dc 0100     		.2byte	0x1
 2060 01de 51       		.byte	0x51
 2061 01df 16000000 		.4byte	.LVL44
 2062 01e3 2C000000 		.4byte	.LFE39
 2063 01e7 0400     		.2byte	0x4
 2064 01e9 F3       		.byte	0xf3
 2065 01ea 01       		.uleb128 0x1
 2066 01eb 51       		.byte	0x51
 2067 01ec 9F       		.byte	0x9f
 2068 01ed 00000000 		.4byte	0
 2069 01f1 00000000 		.4byte	0
 2070              	.LLST13:
 2071 01f5 00000000 		.4byte	.LVL42
 2072 01f9 1C000000 		.4byte	.LVL45
 2073 01fd 0100     		.2byte	0x1
 2074 01ff 52       		.byte	0x52
 2075 0200 1C000000 		.4byte	.LVL45
 2076 0204 20000000 		.4byte	.LVL46
 2077 0208 0500     		.2byte	0x5
 2078 020a 74       		.byte	0x74
 2079 020b 00       		.sleb128 0
ARM GAS  C:\Users\EDTRIC~1\AppData\Local\Temp\cceqJMNH.s 			page 40


 2080 020c 70       		.byte	0x70
 2081 020d 00       		.sleb128 0
 2082 020e 22       		.byte	0x22
 2083 020f 20000000 		.4byte	.LVL46
 2084 0213 2C000000 		.4byte	.LFE39
 2085 0217 0400     		.2byte	0x4
 2086 0219 F3       		.byte	0xf3
 2087 021a 01       		.uleb128 0x1
 2088 021b 52       		.byte	0x52
 2089 021c 9F       		.byte	0x9f
 2090 021d 00000000 		.4byte	0
 2091 0221 00000000 		.4byte	0
 2092              		.section	.debug_aranges,"",%progbits
 2093 0000 54000000 		.4byte	0x54
 2094 0004 0200     		.2byte	0x2
 2095 0006 00000000 		.4byte	.Ldebug_info0
 2096 000a 04       		.byte	0x4
 2097 000b 00       		.byte	0
 2098 000c 0000     		.2byte	0
 2099 000e 0000     		.2byte	0
 2100 0010 00000000 		.4byte	.LFB33
 2101 0014 0C000000 		.4byte	.LFE33-.LFB33
 2102 0018 00000000 		.4byte	.LFB34
 2103 001c 48000000 		.4byte	.LFE34-.LFB34
 2104 0020 00000000 		.4byte	.LFB35
 2105 0024 08000000 		.4byte	.LFE35-.LFB35
 2106 0028 00000000 		.4byte	.LFB36
 2107 002c 38000000 		.4byte	.LFE36-.LFB36
 2108 0030 00000000 		.4byte	.LFB37
 2109 0034 1A000000 		.4byte	.LFE37-.LFB37
 2110 0038 00000000 		.4byte	.LFB38
 2111 003c 70000000 		.4byte	.LFE38-.LFB38
 2112 0040 00000000 		.4byte	.LFB39
 2113 0044 2C000000 		.4byte	.LFE39-.LFB39
 2114 0048 00000000 		.4byte	.LFB40
 2115 004c 78000000 		.4byte	.LFE40-.LFB40
 2116 0050 00000000 		.4byte	0
 2117 0054 00000000 		.4byte	0
 2118              		.section	.debug_ranges,"",%progbits
 2119              	.Ldebug_ranges0:
 2120 0000 00000000 		.4byte	.LFB33
 2121 0004 0C000000 		.4byte	.LFE33
 2122 0008 00000000 		.4byte	.LFB34
 2123 000c 48000000 		.4byte	.LFE34
 2124 0010 00000000 		.4byte	.LFB35
 2125 0014 08000000 		.4byte	.LFE35
 2126 0018 00000000 		.4byte	.LFB36
 2127 001c 38000000 		.4byte	.LFE36
 2128 0020 00000000 		.4byte	.LFB37
 2129 0024 1A000000 		.4byte	.LFE37
 2130 0028 00000000 		.4byte	.LFB38
 2131 002c 70000000 		.4byte	.LFE38
 2132 0030 00000000 		.4byte	.LFB39
 2133 0034 2C000000 		.4byte	.LFE39
 2134 0038 00000000 		.4byte	.LFB40
 2135 003c 78000000 		.4byte	.LFE40
 2136 0040 00000000 		.4byte	0
ARM GAS  C:\Users\EDTRIC~1\AppData\Local\Temp\cceqJMNH.s 			page 41


 2137 0044 00000000 		.4byte	0
 2138              		.section	.debug_line,"",%progbits
 2139              	.Ldebug_line0:
 2140 0000 DD010000 		.section	.debug_str,"MS",%progbits,1
 2140      0200F600 
 2140      00000201 
 2140      FB0E0D00 
 2140      01010101 
 2141              	.LASF21:
 2142 0000 7072696E 		.ascii	"printHexByte\000"
 2142      74486578 
 2142      42797465 
 2142      00
 2143              	.LASF28:
 2144 000d 62656769 		.ascii	"beginsave\000"
 2144      6E736176 
 2144      6500
 2145              	.LASF23:
 2146 0017 73656E64 		.ascii	"sendData\000"
 2146      44617461 
 2146      00
 2147              	.LASF2:
 2148 0020 73686F72 		.ascii	"short int\000"
 2148      7420696E 
 2148      7400
 2149              	.LASF61:
 2150 002a 474E5520 		.ascii	"GNU C 4.8.4 20140526 (release) [ARM/embedded-4_8-br"
 2150      4320342E 
 2150      382E3420 
 2150      32303134 
 2150      30353236 
 2151 005d 616E6368 		.ascii	"anch revision 211358] -mcpu=cortex-m0 -mthumb -g -O"
 2151      20726576 
 2151      6973696F 
 2151      6E203231 
 2151      31333538 
 2152 0090 67202D66 		.ascii	"g -ffunction-sections\000"
 2152      66756E63 
 2152      74696F6E 
 2152      2D736563 
 2152      74696F6E 
 2153              	.LASF18:
 2154 00a6 63686563 		.ascii	"checksum1\000"
 2154      6B73756D 
 2154      3100
 2155              	.LASF19:
 2156 00b0 63686563 		.ascii	"checksum2\000"
 2156      6B73756D 
 2156      3200
 2157              	.LASF48:
 2158 00ba 55415254 		.ascii	"UART_SpiUartClearTxBuffer\000"
 2158      5F537069 
 2158      55617274 
 2158      436C6561 
 2158      72547842 
 2159              	.LASF13:
 2160 00d4 63686172 		.ascii	"char8\000"
ARM GAS  C:\Users\EDTRIC~1\AppData\Local\Temp\cceqJMNH.s 			page 42


 2160      3800
 2161              	.LASF44:
 2162 00da 636F6E74 		.ascii	"conta\000"
 2162      6100
 2163              	.LASF45:
 2164 00e0 706C6179 		.ascii	"playTime\000"
 2164      54696D65 
 2164      00
 2165              	.LASF57:
 2166 00e9 53657276 		.ascii	"Servo_clearError\000"
 2166      6F5F636C 
 2166      65617245 
 2166      72726F72 
 2166      00
 2167              	.LASF34:
 2168 00fa 73657276 		.ascii	"servoID\000"
 2168      6F494400 
 2169              	.LASF42:
 2170 0102 4C45445F 		.ascii	"LED_WHITE\000"
 2170      57484954 
 2170      4500
 2171              	.LASF50:
 2172 010c 55415254 		.ascii	"UART_UartPutString\000"
 2172      5F556172 
 2172      74507574 
 2172      53747269 
 2172      6E6700
 2173              	.LASF54:
 2174 011f 55415254 		.ascii	"UART_UartGetByte\000"
 2174      5F556172 
 2174      74476574 
 2174      42797465 
 2174      00
 2175              	.LASF55:
 2176 0130 55415254 		.ascii	"UART_SpiUartGetRxBufferSize\000"
 2176      5F537069 
 2176      55617274 
 2176      47657452 
 2176      78427566 
 2177              	.LASF31:
 2178 014c 61646444 		.ascii	"addData\000"
 2178      61746100 
 2179              	.LASF25:
 2180 0154 6C656E67 		.ascii	"length\000"
 2180      746800
 2181              	.LASF11:
 2182 015b 666C6F61 		.ascii	"float\000"
 2182      7400
 2183              	.LASF26:
 2184 0161 72656164 		.ascii	"readData\000"
 2184      44617461 
 2184      00
 2185              	.LASF6:
 2186 016a 6C6F6E67 		.ascii	"long long int\000"
 2186      206C6F6E 
 2186      6720696E 
 2186      7400
ARM GAS  C:\Users\EDTRIC~1\AppData\Local\Temp\cceqJMNH.s 			page 43


 2187              	.LASF40:
 2188 0178 4C45445F 		.ascii	"LED_GREEN2\000"
 2188      47524545 
 2188      4E3200
 2189              	.LASF37:
 2190 0183 4C45445F 		.ascii	"LED_BLUE\000"
 2190      424C5545 
 2190      00
 2191              	.LASF29:
 2192 018c 74696D65 		.ascii	"timeCounter\000"
 2192      436F756E 
 2192      74657200 
 2193              	.LASF4:
 2194 0198 6C6F6E67 		.ascii	"long int\000"
 2194      20696E74 
 2194      00
 2195              	.LASF30:
 2196 01a1 72656342 		.ascii	"recByte\000"
 2196      79746500 
 2197              	.LASF62:
 2198 01a9 2E5C6865 		.ascii	".\\herkulexOH.c\000"
 2198      726B756C 
 2198      65784F48 
 2198      2E6300
 2199              	.LASF46:
 2200 01b8 64617461 		.ascii	"dataEx\000"
 2200      457800
 2201              	.LASF39:
 2202 01bf 4C45445F 		.ascii	"LED_RED\000"
 2202      52454400 
 2203              	.LASF59:
 2204 01c7 53657276 		.ascii	"Servo_torqueON\000"
 2204      6F5F746F 
 2204      72717565 
 2204      4F4E00
 2205              	.LASF22:
 2206 01d6 62797465 		.ascii	"byte\000"
 2206      00
 2207              	.LASF49:
 2208 01db 55415254 		.ascii	"UART_SpiUartClearRxBuffer\000"
 2208      5F537069 
 2208      55617274 
 2208      436C6561 
 2208      72527842 
 2209              	.LASF64:
 2210 01f5 73707269 		.ascii	"sprintf\000"
 2210      6E746600 
 2211              	.LASF41:
 2212 01fd 4C45445F 		.ascii	"LED_PINK\000"
 2212      50494E4B 
 2212      00
 2213              	.LASF1:
 2214 0206 756E7369 		.ascii	"unsigned char\000"
 2214      676E6564 
 2214      20636861 
 2214      7200
 2215              	.LASF63:
ARM GAS  C:\Users\EDTRIC~1\AppData\Local\Temp\cceqJMNH.s 			page 44


 2216 0214 433A5C55 		.ascii	"C:\\Users\\edtriccorp\\Documents\\PSoC Creator\\Her"
 2216      73657273 
 2216      5C656474 
 2216      72696363 
 2216      6F72705C 
 2217 0242 6B756C65 		.ascii	"kulexOpenHouse\\HerkulexOpenHouse.cydsn\000"
 2217      784F7065 
 2217      6E486F75 
 2217      73655C48 
 2217      65726B75 
 2218              	.LASF0:
 2219 0269 7369676E 		.ascii	"signed char\000"
 2219      65642063 
 2219      68617200 
 2220              	.LASF7:
 2221 0275 6C6F6E67 		.ascii	"long long unsigned int\000"
 2221      206C6F6E 
 2221      6720756E 
 2221      7369676E 
 2221      65642069 
 2222              	.LASF8:
 2223 028c 756E7369 		.ascii	"unsigned int\000"
 2223      676E6564 
 2223      20696E74 
 2223      00
 2224              	.LASF58:
 2225 0299 53657276 		.ascii	"Servo_ACK\000"
 2225      6F5F4143 
 2225      4B00
 2226              	.LASF3:
 2227 02a3 73686F72 		.ascii	"short unsigned int\000"
 2227      7420756E 
 2227      7369676E 
 2227      65642069 
 2227      6E7400
 2228              	.LASF14:
 2229 02b6 63686172 		.ascii	"char\000"
 2229      00
 2230              	.LASF33:
 2231 02bb 676F616C 		.ascii	"goalMSB\000"
 2231      4D534200 
 2232              	.LASF43:
 2233 02c3 7053697A 		.ascii	"pSize\000"
 2233      6500
 2234              	.LASF56:
 2235 02c9 55415254 		.ascii	"UART_Start\000"
 2235      5F537461 
 2235      727400
 2236              	.LASF17:
 2237 02d4 6C656E67 		.ascii	"lengthString\000"
 2237      74685374 
 2237      72696E67 
 2237      00
 2238              	.LASF65:
 2239 02e1 53657276 		.ascii	"Servo_setLED\000"
 2239      6F5F7365 
 2239      744C4544 
ARM GAS  C:\Users\EDTRIC~1\AppData\Local\Temp\cceqJMNH.s 			page 45


 2239      00
 2240              	.LASF9:
 2241 02ee 75696E74 		.ascii	"uint8\000"
 2241      3800
 2242              	.LASF36:
 2243 02f4 4C45445F 		.ascii	"LED_GREEN\000"
 2243      47524545 
 2243      4E00
 2244              	.LASF16:
 2245 02fe 64617461 		.ascii	"data\000"
 2245      00
 2246              	.LASF35:
 2247 0303 53657276 		.ascii	"Servo_Initialize\000"
 2247      6F5F496E 
 2247      69746961 
 2247      6C697A65 
 2247      00
 2248              	.LASF47:
 2249 0314 6D6F7665 		.ascii	"moveData\000"
 2249      44617461 
 2249      00
 2250              	.LASF24:
 2251 031d 62756666 		.ascii	"buffer\000"
 2251      657200
 2252              	.LASF10:
 2253 0324 75696E74 		.ascii	"uint32\000"
 2253      333200
 2254              	.LASF5:
 2255 032b 6C6F6E67 		.ascii	"long unsigned int\000"
 2255      20756E73 
 2255      69676E65 
 2255      6420696E 
 2255      7400
 2256              	.LASF32:
 2257 033d 676F616C 		.ascii	"goalLSB\000"
 2257      4C534200 
 2258              	.LASF12:
 2259 0345 646F7562 		.ascii	"double\000"
 2259      6C6500
 2260              	.LASF52:
 2261 034c 55415254 		.ascii	"UART_SpiUartPutArray\000"
 2261      5F537069 
 2261      55617274 
 2261      50757441 
 2261      72726179 
 2262              	.LASF27:
 2263 0361 73697A65 		.ascii	"size\000"
 2263      00
 2264              	.LASF38:
 2265 0366 4C45445F 		.ascii	"LED_CYAN\000"
 2265      4359414E 
 2265      00
 2266              	.LASF15:
 2267 036f 73697A65 		.ascii	"sizetype\000"
 2267      74797065 
 2267      00
 2268              	.LASF20:
ARM GAS  C:\Users\EDTRIC~1\AppData\Local\Temp\cceqJMNH.s 			page 46


 2269 0378 636C6561 		.ascii	"clearBuffer\000"
 2269      72427566 
 2269      66657200 
 2270              	.LASF60:
 2271 0384 53657276 		.ascii	"Servo_moveOneAngle\000"
 2271      6F5F6D6F 
 2271      76654F6E 
 2271      65416E67 
 2271      6C6500
 2272              	.LASF53:
 2273 0397 43794465 		.ascii	"CyDelay\000"
 2273      6C617900 
 2274              	.LASF51:
 2275 039f 55415254 		.ascii	"UART_SpiUartWriteTxData\000"
 2275      5F537069 
 2275      55617274 
 2275      57726974 
 2275      65547844 
 2276              		.ident	"GCC: (GNU Tools for ARM Embedded Processors) 4.8.4 20140526 (release) [ARM/embedded-4_8-br
