--------------- Rebuild Started: 01/26/2016 14:18:53 Project: HerkulexOpenHouse, Configuration: ARM GCC 4.8.4 Debug ---------------
Deleting file ".\CortexM0\ARM_GCC_484\Debug\main.o"
Deleting file ".\CortexM0\ARM_GCC_484\Debug\cyfitter_cfg.o"
Deleting file ".\CortexM0\ARM_GCC_484\Debug\cymetadata.o"
Deleting file ".\CortexM0\ARM_GCC_484\Debug\UART.o"
Deleting file ".\CortexM0\ARM_GCC_484\Debug\UART_SPI_UART.o"
Deleting file ".\CortexM0\ARM_GCC_484\Debug\UART_SPI_UART_INT.o"
Deleting file ".\CortexM0\ARM_GCC_484\Debug\UART_PM.o"
Deleting file ".\CortexM0\ARM_GCC_484\Debug\UART_UART.o"
Deleting file ".\CortexM0\ARM_GCC_484\Debug\UART_BOOT.o"
Deleting file ".\CortexM0\ARM_GCC_484\Debug\UART_UART_BOOT.o"
Deleting file ".\CortexM0\ARM_GCC_484\Debug\UART_SCBCLK.o"
Deleting file ".\CortexM0\ARM_GCC_484\Debug\UART_tx.o"
Deleting file ".\CortexM0\ARM_GCC_484\Debug\UART_SCB_IRQ.o"
Deleting file ".\CortexM0\ARM_GCC_484\Debug\UART_rx.o"
Deleting file ".\CortexM0\ARM_GCC_484\Debug\Cm0Start.o"
Deleting file ".\CortexM0\ARM_GCC_484\Debug\CyBootAsmGnu.o"
Deleting file ".\CortexM0\ARM_GCC_484\Debug\CyFlash.o"
Deleting file ".\CortexM0\ARM_GCC_484\Debug\CyLib.o"
Deleting file ".\CortexM0\ARM_GCC_484\Debug\cyPm.o"
Deleting file ".\CortexM0\ARM_GCC_484\Debug\cyutils.o"
Deleting file ".\CortexM0\ARM_GCC_484\Debug\CyLFClk.o"
Deleting file ".\CortexM0\ARM_GCC_484\Debug\UART_1.o"
Deleting file ".\CortexM0\ARM_GCC_484\Debug\UART_1_PM.o"
Deleting file ".\CortexM0\ARM_GCC_484\Debug\UART_1_INT.o"
Deleting file ".\CortexM0\ARM_GCC_484\Debug\UART_1_BOOT.o"
Deleting file ".\CortexM0\ARM_GCC_484\Debug\UART_1_IntClock.o"
Deleting file ".\CortexM0\ARM_GCC_484\Debug\HerkulexOpenHouse.hex"
Deleting file ".\CortexM0\ARM_GCC_484\Debug\HerkulexOpenHouse.elf"
Deleting file ".\CortexM0\ARM_GCC_484\Debug\HerkulexOpenHouse.map"
Deleting file ".\HerkulexOpenHouse.cycdx"
Deleting file ".\HerkulexOpenHouse.svd"
Deleting file ".\HerkulexOpenHouse.rpt"
Deleting file ".\HerkulexOpenHouse_timing.html"
Deleting file ".\CortexM0\ARM_GCC_484\Debug\.deps\C_FILE.P"
Deleting file ".\CortexM0\ARM_GCC_484\Debug\.deps\ARM_C_FILE.P"
Deleting file ".\CortexM0\ARM_GCC_484\Debug\.deps\GNU_ARM_ASM_FILE.P"
cydsfit.exe -.appdatapath "C:\Users\edtriccorp\AppData\Local\Cypress Semiconductor\PSoC Creator\3.2" -.fdsnotice -.fdswarpdepfile=warp_dependencies.txt -.fdselabdepfile=elab_dependencies.txt -.fdsbldfile=generated_files.txt -p "C:\Users\edtriccorp\Documents\PSoC Creator\HerkulexOpenHouse\HerkulexOpenHouse.cydsn\HerkulexOpenHouse.cyprj" -d CY8C4245AXI-483 -s "C:\Users\edtriccorp\Documents\PSoC Creator\HerkulexOpenHouse\HerkulexOpenHouse.cydsn\Generated_Source\PSoC4" -- -yv2 -q10 -ygs -o2 -v3 -.fftcfgtype=LE
Elaborating Design...
HDL Generation ...
Synthesis ...
Place and Route ...
Tech mapping ...
Analog Placement ...
Analog Routing ...
Analog Code Generation ...
Digital Placement ...
Digital Routing ...
Bitstream Generation ...
Static timing analysis ...
API Generation ...
Dependency Generation ...
Clean Temporary Files ...
arm-none-eabi-gcc.exe -mcpu=cortex-m0 -mthumb -Wno-main -I. -IGenerated_Source\PSoC4 -Wa,-alh=.\CortexM0\ARM_GCC_484\Debug/main.lst -g -D DEBUG -Wall -ffunction-sections -Og -c .\main.c -o .\CortexM0\ARM_GCC_484\Debug\main.o
arm-none-eabi-gcc.exe -mcpu=cortex-m0 -mthumb -Wno-main -I. -IGenerated_Source\PSoC4 -Wa,-alh=.\CortexM0\ARM_GCC_484\Debug/herkulexOH.lst -g -D DEBUG -Wall -ffunction-sections -Og -c .\herkulexOH.c -o .\CortexM0\ARM_GCC_484\Debug\herkulexOH.o
In file included from .\herkulexOH.c:13:0:
.\herkulexoh.h:60:18: warning: 'LED_GREEN' defined but not used [-Wunused-variable]
     static uint8 LED_GREEN      = 0x01;
                  ^
.\herkulexoh.h:61:18: warning: 'LED_BLUE' defined but not used [-Wunused-variable]
     static uint8 LED_BLUE       = 0x02u;
                  ^
.\herkulexoh.h:62:18: warning: 'LED_CYAN' defined but not used [-Wunused-variable]
     static uint8 LED_CYAN       = 0x03u;
                  ^
.\herkulexoh.h:63:18: warning: 'LED_RED' defined but not used [-Wunused-variable]
     static uint8 LED_RED        = 0x04u;
                  ^
.\herkulexoh.h:64:18: warning: 'LED_GREEN2' defined but not used [-Wunused-variable]
     static uint8 LED_GREEN2     = 0x05u;
                  ^
.\herkulexoh.h:65:18: warning: 'LED_PINK' defined but not used [-Wunused-variable]
     static uint8 LED_PINK       = 0x06u;
                  ^
.\herkulexoh.h:66:18: warning: 'LED_WHITE' defined but not used [-Wunused-variable]
     static uint8 LED_WHITE      = 0x07u;
                  ^
arm-none-eabi-gcc.exe -mcpu=cortex-m0 -mthumb -Wno-main -I. -IGenerated_Source\PSoC4 -Wa,-alh=.\CortexM0\ARM_GCC_484\Debug/cyfitter_cfg.lst -g -D DEBUG -Wall -ffunction-sections -Og -c .\Generated_Source\PSoC4\cyfitter_cfg.c -o .\CortexM0\ARM_GCC_484\Debug\cyfitter_cfg.o
arm-none-eabi-gcc.exe -mcpu=cortex-m0 -mthumb -Wno-main -I. -IGenerated_Source\PSoC4 -Wa,-alh=.\CortexM0\ARM_GCC_484\Debug/cymetadata.lst -g -D DEBUG -Wall -ffunction-sections -Og -c .\Generated_Source\PSoC4\cymetadata.c -o .\CortexM0\ARM_GCC_484\Debug\cymetadata.o
arm-none-eabi-gcc.exe -mcpu=cortex-m0 -mthumb -Wno-main -I. -IGenerated_Source\PSoC4 -Wa,-alh=.\CortexM0\ARM_GCC_484\Debug/UART.lst -g -D DEBUG -Wall -ffunction-sections -Og -c .\Generated_Source\PSoC4\UART.c -o .\CortexM0\ARM_GCC_484\Debug\UART.o
arm-none-eabi-gcc.exe -mcpu=cortex-m0 -mthumb -Wno-main -I. -IGenerated_Source\PSoC4 -Wa,-alh=.\CortexM0\ARM_GCC_484\Debug/UART_SPI_UART.lst -g -D DEBUG -Wall -ffunction-sections -Og -c .\Generated_Source\PSoC4\UART_SPI_UART.c -o .\CortexM0\ARM_GCC_484\Debug\UART_SPI_UART.o
arm-none-eabi-gcc.exe -mcpu=cortex-m0 -mthumb -Wno-main -I. -IGenerated_Source\PSoC4 -Wa,-alh=.\CortexM0\ARM_GCC_484\Debug/UART_SPI_UART_INT.lst -g -D DEBUG -Wall -ffunction-sections -Og -c .\Generated_Source\PSoC4\UART_SPI_UART_INT.c -o .\CortexM0\ARM_GCC_484\Debug\UART_SPI_UART_INT.o
arm-none-eabi-gcc.exe -mcpu=cortex-m0 -mthumb -Wno-main -I. -IGenerated_Source\PSoC4 -Wa,-alh=.\CortexM0\ARM_GCC_484\Debug/UART_PM.lst -g -D DEBUG -Wall -ffunction-sections -Og -c .\Generated_Source\PSoC4\UART_PM.c -o .\CortexM0\ARM_GCC_484\Debug\UART_PM.o
arm-none-eabi-gcc.exe -mcpu=cortex-m0 -mthumb -Wno-main -I. -IGenerated_Source\PSoC4 -Wa,-alh=.\CortexM0\ARM_GCC_484\Debug/UART_UART.lst -g -D DEBUG -Wall -ffunction-sections -Og -c .\Generated_Source\PSoC4\UART_UART.c -o .\CortexM0\ARM_GCC_484\Debug\UART_UART.o
arm-none-eabi-gcc.exe -mcpu=cortex-m0 -mthumb -Wno-main -I. -IGenerated_Source\PSoC4 -Wa,-alh=.\CortexM0\ARM_GCC_484\Debug/UART_BOOT.lst -g -D DEBUG -Wall -ffunction-sections -Og -c .\Generated_Source\PSoC4\UART_BOOT.c -o .\CortexM0\ARM_GCC_484\Debug\UART_BOOT.o
arm-none-eabi-gcc.exe -mcpu=cortex-m0 -mthumb -Wno-main -I. -IGenerated_Source\PSoC4 -Wa,-alh=.\CortexM0\ARM_GCC_484\Debug/UART_UART_BOOT.lst -g -D DEBUG -Wall -ffunction-sections -Og -c .\Generated_Source\PSoC4\UART_UART_BOOT.c -o .\CortexM0\ARM_GCC_484\Debug\UART_UART_BOOT.o
arm-none-eabi-gcc.exe -mcpu=cortex-m0 -mthumb -Wno-main -I. -IGenerated_Source\PSoC4 -Wa,-alh=.\CortexM0\ARM_GCC_484\Debug/UART_SCBCLK.lst -g -D DEBUG -Wall -ffunction-sections -Og -c .\Generated_Source\PSoC4\UART_SCBCLK.c -o .\CortexM0\ARM_GCC_484\Debug\UART_SCBCLK.o
arm-none-eabi-gcc.exe -mcpu=cortex-m0 -mthumb -Wno-main -I. -IGenerated_Source\PSoC4 -Wa,-alh=.\CortexM0\ARM_GCC_484\Debug/UART_tx.lst -g -D DEBUG -Wall -ffunction-sections -Og -c .\Generated_Source\PSoC4\UART_tx.c -o .\CortexM0\ARM_GCC_484\Debug\UART_tx.o
arm-none-eabi-gcc.exe -mcpu=cortex-m0 -mthumb -Wno-main -I. -IGenerated_Source\PSoC4 -Wa,-alh=.\CortexM0\ARM_GCC_484\Debug/UART_SCB_IRQ.lst -g -D DEBUG -Wall -ffunction-sections -Og -c .\Generated_Source\PSoC4\UART_SCB_IRQ.c -o .\CortexM0\ARM_GCC_484\Debug\UART_SCB_IRQ.o
arm-none-eabi-gcc.exe -mcpu=cortex-m0 -mthumb -Wno-main -I. -IGenerated_Source\PSoC4 -Wa,-alh=.\CortexM0\ARM_GCC_484\Debug/UART_rx.lst -g -D DEBUG -Wall -ffunction-sections -Og -c .\Generated_Source\PSoC4\UART_rx.c -o .\CortexM0\ARM_GCC_484\Debug\UART_rx.o
arm-none-eabi-gcc.exe -mcpu=cortex-m0 -mthumb -Wno-main -I. -IGenerated_Source\PSoC4 -Wa,-alh=.\CortexM0\ARM_GCC_484\Debug/Cm0Start.lst -g -D DEBUG -Wall -ffunction-sections -Og -c .\Generated_Source\PSoC4\Cm0Start.c -o .\CortexM0\ARM_GCC_484\Debug\Cm0Start.o
arm-none-eabi-as.exe -mcpu=cortex-m0 -mthumb -I. -IGenerated_Source\PSoC4 -alh=.\CortexM0\ARM_GCC_484\Debug/CyBootAsmGnu.lst -g -W -o .\CortexM0\ARM_GCC_484\Debug\CyBootAsmGnu.o .\Generated_Source\PSoC4\CyBootAsmGnu.s
arm-none-eabi-gcc.exe -mcpu=cortex-m0 -mthumb -Wno-main -I. -IGenerated_Source\PSoC4 -Wa,-alh=.\CortexM0\ARM_GCC_484\Debug/CyFlash.lst -g -D DEBUG -Wall -ffunction-sections -Og -c .\Generated_Source\PSoC4\CyFlash.c -o .\CortexM0\ARM_GCC_484\Debug\CyFlash.o
arm-none-eabi-gcc.exe -mcpu=cortex-m0 -mthumb -Wno-main -I. -IGenerated_Source\PSoC4 -Wa,-alh=.\CortexM0\ARM_GCC_484\Debug/CyLib.lst -g -D DEBUG -Wall -ffunction-sections -Og -c .\Generated_Source\PSoC4\CyLib.c -o .\CortexM0\ARM_GCC_484\Debug\CyLib.o
arm-none-eabi-gcc.exe -mcpu=cortex-m0 -mthumb -Wno-main -I. -IGenerated_Source\PSoC4 -Wa,-alh=.\CortexM0\ARM_GCC_484\Debug/cyPm.lst -g -D DEBUG -Wall -ffunction-sections -Og -c .\Generated_Source\PSoC4\cyPm.c -o .\CortexM0\ARM_GCC_484\Debug\cyPm.o
arm-none-eabi-gcc.exe -mcpu=cortex-m0 -mthumb -Wno-main -I. -IGenerated_Source\PSoC4 -Wa,-alh=.\CortexM0\ARM_GCC_484\Debug/cyutils.lst -g -D DEBUG -Wall -ffunction-sections -Og -c .\Generated_Source\PSoC4\cyutils.c -o .\CortexM0\ARM_GCC_484\Debug\cyutils.o
arm-none-eabi-gcc.exe -mcpu=cortex-m0 -mthumb -Wno-main -I. -IGenerated_Source\PSoC4 -Wa,-alh=.\CortexM0\ARM_GCC_484\Debug/CyLFClk.lst -g -D DEBUG -Wall -ffunction-sections -Og -c .\Generated_Source\PSoC4\CyLFClk.c -o .\CortexM0\ARM_GCC_484\Debug\CyLFClk.o
arm-none-eabi-ar.exe -rs .\CortexM0\ARM_GCC_484\Debug\HerkulexOpenHouse.a .\CortexM0\ARM_GCC_484\Debug\cyfitter_cfg.o .\CortexM0\ARM_GCC_484\Debug\UART.o .\CortexM0\ARM_GCC_484\Debug\UART_SPI_UART.o .\CortexM0\ARM_GCC_484\Debug\UART_SPI_UART_INT.o .\CortexM0\ARM_GCC_484\Debug\UART_PM.o .\CortexM0\ARM_GCC_484\Debug\UART_UART.o .\CortexM0\ARM_GCC_484\Debug\UART_BOOT.o .\CortexM0\ARM_GCC_484\Debug\UART_UART_BOOT.o .\CortexM0\ARM_GCC_484\Debug\UART_SCBCLK.o .\CortexM0\ARM_GCC_484\Debug\UART_tx.o .\CortexM0\ARM_GCC_484\Debug\UART_SCB_IRQ.o .\CortexM0\ARM_GCC_484\Debug\UART_rx.o .\CortexM0\ARM_GCC_484\Debug\CyBootAsmGnu.o .\CortexM0\ARM_GCC_484\Debug\CyFlash.o .\CortexM0\ARM_GCC_484\Debug\CyLib.o .\CortexM0\ARM_GCC_484\Debug\cyPm.o .\CortexM0\ARM_GCC_484\Debug\cyutils.o .\CortexM0\ARM_GCC_484\Debug\CyLFClk.o
arm-none-eabi-ar.exe: creating .\CortexM0\ARM_GCC_484\Debug\HerkulexOpenHouse.a
arm-none-eabi-gcc.exe -Wl,--start-group -o .\CortexM0\ARM_GCC_484\Debug\HerkulexOpenHouse.elf .\CortexM0\ARM_GCC_484\Debug\main.o .\CortexM0\ARM_GCC_484\Debug\herkulexOH.o .\CortexM0\ARM_GCC_484\Debug\cymetadata.o .\CortexM0\ARM_GCC_484\Debug\Cm0Start.o .\CortexM0\ARM_GCC_484\Debug\HerkulexOpenHouse.a "C:\Program Files (x86)\Cypress\PSoC Creator\3.2\PSoC Creator\psoc\content\cycomponentlibrary\CyComponentLibrary.cylib\CortexM0\ARM_GCC_484\Debug\CyComponentLibrary.a" -mcpu=cortex-m0 -mthumb -g -ffunction-sections -Og -Wl,-Map,.\CortexM0\ARM_GCC_484\Debug/HerkulexOpenHouse.map -T Generated_Source\PSoC4\cm0gcc.ld -specs=nano.specs -Wl,--gc-sections -Wl,--end-group
cyelftool.exe -C "C:\Users\edtriccorp\Documents\PSoC Creator\HerkulexOpenHouse\HerkulexOpenHouse.cydsn\CortexM0\ARM_GCC_484\Debug\HerkulexOpenHouse.elf" --flash_row_size 128 --flash_size 32768
cyelftool.exe -S "C:\Users\edtriccorp\Documents\PSoC Creator\HerkulexOpenHouse\HerkulexOpenHouse.cydsn\CortexM0\ARM_GCC_484\Debug\HerkulexOpenHouse.elf"
Flash used: 1664 of 32768 bytes (5.1 %).
SRAM used: 1428 of 4096 bytes (34.9 %). Stack: 1024 bytes. Heap: 128 bytes.
--------------- Rebuild Succeeded: 01/26/2016 14:19:26 ---------------
