ARM GAS  C:\Users\EDTRIC~1\AppData\Local\Temp\ccnc69Yu.s 			page 1


   1              		.cpu cortex-m0
   2              		.fpu softvfp
   3              		.eabi_attribute 20, 1
   4              		.eabi_attribute 21, 1
   5              		.eabi_attribute 23, 3
   6              		.eabi_attribute 24, 1
   7              		.eabi_attribute 25, 1
   8              		.eabi_attribute 26, 1
   9              		.eabi_attribute 30, 1
  10              		.eabi_attribute 34, 0
  11              		.eabi_attribute 18, 4
  12              		.code	16
  13              		.file	"UART_SPI_UART_INT.c"
  14              		.text
  15              	.Ltext0:
  16              		.cfi_sections	.debug_frame
  17              		.section	.text.UART_SPI_UART_ISR,"ax",%progbits
  18              		.align	2
  19              		.global	UART_SPI_UART_ISR
  20              		.code	16
  21              		.thumb_func
  22              		.type	UART_SPI_UART_ISR, %function
  23              	UART_SPI_UART_ISR:
  24              	.LFB0:
  25              		.file 1 ".\\Generated_Source\\PSoC4\\UART_SPI_UART_INT.c"
   1:.\Generated_Source\PSoC4/UART_SPI_UART_INT.c **** /*******************************************************************************
   2:.\Generated_Source\PSoC4/UART_SPI_UART_INT.c **** * File Name: UART_SPI_UART_INT.c
   3:.\Generated_Source\PSoC4/UART_SPI_UART_INT.c **** * Version 3.0
   4:.\Generated_Source\PSoC4/UART_SPI_UART_INT.c **** *
   5:.\Generated_Source\PSoC4/UART_SPI_UART_INT.c **** * Description:
   6:.\Generated_Source\PSoC4/UART_SPI_UART_INT.c **** *  This file provides the source code to the Interrupt Service Routine for
   7:.\Generated_Source\PSoC4/UART_SPI_UART_INT.c **** *  the SCB Component in SPI and UART modes.
   8:.\Generated_Source\PSoC4/UART_SPI_UART_INT.c **** *
   9:.\Generated_Source\PSoC4/UART_SPI_UART_INT.c **** * Note:
  10:.\Generated_Source\PSoC4/UART_SPI_UART_INT.c **** *
  11:.\Generated_Source\PSoC4/UART_SPI_UART_INT.c **** ********************************************************************************
  12:.\Generated_Source\PSoC4/UART_SPI_UART_INT.c **** * Copyright 2013-2015, Cypress Semiconductor Corporation.  All rights reserved.
  13:.\Generated_Source\PSoC4/UART_SPI_UART_INT.c **** * You may use this file only in accordance with the license, terms, conditions,
  14:.\Generated_Source\PSoC4/UART_SPI_UART_INT.c **** * disclaimers, and limitations in the end user license agreement accompanying
  15:.\Generated_Source\PSoC4/UART_SPI_UART_INT.c **** * the software package with which this file was provided.
  16:.\Generated_Source\PSoC4/UART_SPI_UART_INT.c **** *******************************************************************************/
  17:.\Generated_Source\PSoC4/UART_SPI_UART_INT.c **** 
  18:.\Generated_Source\PSoC4/UART_SPI_UART_INT.c **** #include "UART_PVT.h"
  19:.\Generated_Source\PSoC4/UART_SPI_UART_INT.c **** #include "UART_SPI_UART_PVT.h"
  20:.\Generated_Source\PSoC4/UART_SPI_UART_INT.c **** 
  21:.\Generated_Source\PSoC4/UART_SPI_UART_INT.c **** #if (UART_SCB_IRQ_INTERNAL)
  22:.\Generated_Source\PSoC4/UART_SPI_UART_INT.c **** /*******************************************************************************
  23:.\Generated_Source\PSoC4/UART_SPI_UART_INT.c **** * Function Name: UART_SPI_UART_ISR
  24:.\Generated_Source\PSoC4/UART_SPI_UART_INT.c **** ********************************************************************************
  25:.\Generated_Source\PSoC4/UART_SPI_UART_INT.c **** *
  26:.\Generated_Source\PSoC4/UART_SPI_UART_INT.c **** * Summary:
  27:.\Generated_Source\PSoC4/UART_SPI_UART_INT.c **** *  Handles the Interrupt Service Routine for the SCB SPI or UART modes.
  28:.\Generated_Source\PSoC4/UART_SPI_UART_INT.c **** *
  29:.\Generated_Source\PSoC4/UART_SPI_UART_INT.c **** * Parameters:
  30:.\Generated_Source\PSoC4/UART_SPI_UART_INT.c **** *  None
  31:.\Generated_Source\PSoC4/UART_SPI_UART_INT.c **** *
  32:.\Generated_Source\PSoC4/UART_SPI_UART_INT.c **** * Return:
ARM GAS  C:\Users\EDTRIC~1\AppData\Local\Temp\ccnc69Yu.s 			page 2


  33:.\Generated_Source\PSoC4/UART_SPI_UART_INT.c **** *  None
  34:.\Generated_Source\PSoC4/UART_SPI_UART_INT.c **** *
  35:.\Generated_Source\PSoC4/UART_SPI_UART_INT.c **** *******************************************************************************/
  36:.\Generated_Source\PSoC4/UART_SPI_UART_INT.c **** CY_ISR(UART_SPI_UART_ISR)
  37:.\Generated_Source\PSoC4/UART_SPI_UART_INT.c **** {
  26              		.loc 1 37 0
  27              		.cfi_startproc
  28 0000 F0B5     		push	{r4, r5, r6, r7, lr}
  29              		.cfi_def_cfa_offset 20
  30              		.cfi_offset 4, -20
  31              		.cfi_offset 5, -16
  32              		.cfi_offset 6, -12
  33              		.cfi_offset 7, -8
  34              		.cfi_offset 14, -4
  35 0002 4746     		mov	r7, r8
  36 0004 80B4     		push	{r7}
  37              		.cfi_def_cfa_offset 24
  38              		.cfi_offset 8, -24
  38:.\Generated_Source\PSoC4/UART_SPI_UART_INT.c **** #if (UART_INTERNAL_RX_SW_BUFFER_CONST)
  39:.\Generated_Source\PSoC4/UART_SPI_UART_INT.c ****     uint32 locHead;
  40:.\Generated_Source\PSoC4/UART_SPI_UART_INT.c **** #endif /* (UART_INTERNAL_RX_SW_BUFFER_CONST) */
  41:.\Generated_Source\PSoC4/UART_SPI_UART_INT.c **** 
  42:.\Generated_Source\PSoC4/UART_SPI_UART_INT.c **** #if (UART_INTERNAL_TX_SW_BUFFER_CONST)
  43:.\Generated_Source\PSoC4/UART_SPI_UART_INT.c ****     uint32 locTail;
  44:.\Generated_Source\PSoC4/UART_SPI_UART_INT.c **** #endif /* (UART_INTERNAL_TX_SW_BUFFER_CONST) */
  45:.\Generated_Source\PSoC4/UART_SPI_UART_INT.c **** 
  46:.\Generated_Source\PSoC4/UART_SPI_UART_INT.c ****     if (NULL != UART_customIntrHandler)
  39              		.loc 1 46 0
  40 0006 2A4B     		ldr	r3, .L19
  41 0008 1B68     		ldr	r3, [r3]
  42 000a 002B     		cmp	r3, #0
  43 000c 00D0     		beq	.L2
  47:.\Generated_Source\PSoC4/UART_SPI_UART_INT.c ****     {
  48:.\Generated_Source\PSoC4/UART_SPI_UART_INT.c ****         UART_customIntrHandler();
  44              		.loc 1 48 0
  45 000e 9847     		blx	r3
  46              	.LVL0:
  47              	.L2:
  49:.\Generated_Source\PSoC4/UART_SPI_UART_INT.c ****     }
  50:.\Generated_Source\PSoC4/UART_SPI_UART_INT.c **** 
  51:.\Generated_Source\PSoC4/UART_SPI_UART_INT.c ****     #if (UART_CHECK_SPI_WAKE_ENABLE)
  52:.\Generated_Source\PSoC4/UART_SPI_UART_INT.c ****     {
  53:.\Generated_Source\PSoC4/UART_SPI_UART_INT.c ****         /* Clear SPI wakeup source */
  54:.\Generated_Source\PSoC4/UART_SPI_UART_INT.c ****         UART_ClearSpiExtClkInterruptSource(UART_INTR_SPI_EC_WAKE_UP);
  55:.\Generated_Source\PSoC4/UART_SPI_UART_INT.c ****     }
  56:.\Generated_Source\PSoC4/UART_SPI_UART_INT.c ****     #endif
  57:.\Generated_Source\PSoC4/UART_SPI_UART_INT.c **** 
  58:.\Generated_Source\PSoC4/UART_SPI_UART_INT.c ****     #if (UART_CHECK_RX_SW_BUFFER)
  59:.\Generated_Source\PSoC4/UART_SPI_UART_INT.c ****     {
  60:.\Generated_Source\PSoC4/UART_SPI_UART_INT.c ****         if (UART_CHECK_INTR_RX_MASKED(UART_INTR_RX_NOT_EMPTY))
  48              		.loc 1 60 0
  49 0010 284B     		ldr	r3, .L19+4
  50 0012 1B68     		ldr	r3, [r3]
  51 0014 5A07     		lsl	r2, r3, #29
  52 0016 1ED5     		bpl	.L3
  61:.\Generated_Source\PSoC4/UART_SPI_UART_INT.c ****         {
  62:.\Generated_Source\PSoC4/UART_SPI_UART_INT.c ****             do
ARM GAS  C:\Users\EDTRIC~1\AppData\Local\Temp\ccnc69Yu.s 			page 3


  63:.\Generated_Source\PSoC4/UART_SPI_UART_INT.c ****             {
  64:.\Generated_Source\PSoC4/UART_SPI_UART_INT.c ****                 /* Move local head index */
  65:.\Generated_Source\PSoC4/UART_SPI_UART_INT.c ****                 locHead = (UART_rxBufferHead + 1u);
  53              		.loc 1 65 0
  54 0018 2748     		ldr	r0, .L19+8
  66:.\Generated_Source\PSoC4/UART_SPI_UART_INT.c **** 
  67:.\Generated_Source\PSoC4/UART_SPI_UART_INT.c ****                 /* Adjust local head index */
  68:.\Generated_Source\PSoC4/UART_SPI_UART_INT.c ****                 if (UART_INTERNAL_RX_BUFFER_SIZE == locHead)
  69:.\Generated_Source\PSoC4/UART_SPI_UART_INT.c ****                 {
  70:.\Generated_Source\PSoC4/UART_SPI_UART_INT.c ****                     locHead = 0u;
  55              		.loc 1 70 0
  56 001a 0023     		mov	r3, #0
  57 001c 9846     		mov	r8, r3
  71:.\Generated_Source\PSoC4/UART_SPI_UART_INT.c ****                 }
  72:.\Generated_Source\PSoC4/UART_SPI_UART_INT.c **** 
  73:.\Generated_Source\PSoC4/UART_SPI_UART_INT.c ****                 if (locHead == UART_rxBufferTail)
  58              		.loc 1 73 0
  59 001e 2749     		ldr	r1, .L19+12
  74:.\Generated_Source\PSoC4/UART_SPI_UART_INT.c ****                 {
  75:.\Generated_Source\PSoC4/UART_SPI_UART_INT.c ****                     #if (UART_CHECK_UART_RTS_CONTROL_FLOW)
  76:.\Generated_Source\PSoC4/UART_SPI_UART_INT.c ****                     {
  77:.\Generated_Source\PSoC4/UART_SPI_UART_INT.c ****                         /* There is no space in the software buffer - disable the
  78:.\Generated_Source\PSoC4/UART_SPI_UART_INT.c ****                         * RX Not Empty interrupt source. The data elements are
  79:.\Generated_Source\PSoC4/UART_SPI_UART_INT.c ****                         * still being received into the RX FIFO until the RTS signal
  80:.\Generated_Source\PSoC4/UART_SPI_UART_INT.c ****                         * stops the transmitter. After the data element is read from the
  81:.\Generated_Source\PSoC4/UART_SPI_UART_INT.c ****                         * buffer, the RX Not Empty interrupt source is enabled to
  82:.\Generated_Source\PSoC4/UART_SPI_UART_INT.c ****                         * move the next data element in the software buffer.
  83:.\Generated_Source\PSoC4/UART_SPI_UART_INT.c ****                         */
  84:.\Generated_Source\PSoC4/UART_SPI_UART_INT.c ****                         UART_INTR_RX_MASK_REG &= ~UART_INTR_RX_NOT_EMPTY;
  85:.\Generated_Source\PSoC4/UART_SPI_UART_INT.c ****                         break;
  86:.\Generated_Source\PSoC4/UART_SPI_UART_INT.c ****                     }
  87:.\Generated_Source\PSoC4/UART_SPI_UART_INT.c ****                     #else
  88:.\Generated_Source\PSoC4/UART_SPI_UART_INT.c ****                     {
  89:.\Generated_Source\PSoC4/UART_SPI_UART_INT.c ****                         /* Overflow: through away received data element */
  90:.\Generated_Source\PSoC4/UART_SPI_UART_INT.c ****                         (void) UART_RX_FIFO_RD_REG;
  91:.\Generated_Source\PSoC4/UART_SPI_UART_INT.c ****                         UART_rxBufferOverflow = (uint8) UART_INTR_RX_OVERFLOW;
  92:.\Generated_Source\PSoC4/UART_SPI_UART_INT.c ****                     }
  93:.\Generated_Source\PSoC4/UART_SPI_UART_INT.c ****                     #endif
  94:.\Generated_Source\PSoC4/UART_SPI_UART_INT.c ****                 }
  95:.\Generated_Source\PSoC4/UART_SPI_UART_INT.c ****                 else
  96:.\Generated_Source\PSoC4/UART_SPI_UART_INT.c ****                 {
  97:.\Generated_Source\PSoC4/UART_SPI_UART_INT.c ****                     /* Store received data */
  98:.\Generated_Source\PSoC4/UART_SPI_UART_INT.c ****                     UART_PutWordInRxBuffer(locHead, UART_RX_FIFO_RD_REG);
  60              		.loc 1 98 0
  61 0020 274D     		ldr	r5, .L19+16
  62 0022 284F     		ldr	r7, .L19+20
  99:.\Generated_Source\PSoC4/UART_SPI_UART_INT.c **** 
 100:.\Generated_Source\PSoC4/UART_SPI_UART_INT.c ****                     /* Move head index */
 101:.\Generated_Source\PSoC4/UART_SPI_UART_INT.c ****                     UART_rxBufferHead = locHead;
  63              		.loc 1 101 0
  64 0024 061C     		mov	r6, r0
  91:.\Generated_Source\PSoC4/UART_SPI_UART_INT.c ****                         UART_rxBufferOverflow = (uint8) UART_INTR_RX_OVERFLOW;
  65              		.loc 1 91 0
  66 0026 2024     		mov	r4, #32
  67              	.L16:
  65:.\Generated_Source\PSoC4/UART_SPI_UART_INT.c ****                 locHead = (UART_rxBufferHead + 1u);
  68              		.loc 1 65 0
ARM GAS  C:\Users\EDTRIC~1\AppData\Local\Temp\ccnc69Yu.s 			page 4


  69 0028 0368     		ldr	r3, [r0]
  70 002a 0133     		add	r3, r3, #1
  71              	.LVL1:
  68:.\Generated_Source\PSoC4/UART_SPI_UART_INT.c ****                 if (UART_INTERNAL_RX_BUFFER_SIZE == locHead)
  72              		.loc 1 68 0
  73 002c 102B     		cmp	r3, #16
  74 002e 00D1     		bne	.L4
  70:.\Generated_Source\PSoC4/UART_SPI_UART_INT.c ****                     locHead = 0u;
  75              		.loc 1 70 0
  76 0030 4346     		mov	r3, r8
  77              	.LVL2:
  78              	.L4:
  73:.\Generated_Source\PSoC4/UART_SPI_UART_INT.c ****                 if (locHead == UART_rxBufferTail)
  79              		.loc 1 73 0
  80 0032 0A68     		ldr	r2, [r1]
  81 0034 9342     		cmp	r3, r2
  82 0036 03D1     		bne	.L5
  90:.\Generated_Source\PSoC4/UART_SPI_UART_INT.c ****                         (void) UART_RX_FIFO_RD_REG;
  83              		.loc 1 90 0
  84 0038 2B68     		ldr	r3, [r5]
  85              	.LVL3:
  91:.\Generated_Source\PSoC4/UART_SPI_UART_INT.c ****                         UART_rxBufferOverflow = (uint8) UART_INTR_RX_OVERFLOW;
  86              		.loc 1 91 0
  87 003a 234A     		ldr	r2, .L19+24
  88 003c 1470     		strb	r4, [r2]
  89 003e 03E0     		b	.L6
  90              	.LVL4:
  91              	.L5:
  98:.\Generated_Source\PSoC4/UART_SPI_UART_INT.c ****                     UART_PutWordInRxBuffer(locHead, UART_RX_FIFO_RD_REG);
  92              		.loc 1 98 0
  93 0040 2A68     		ldr	r2, [r5]
  94 0042 D2B2     		uxtb	r2, r2
  95 0044 FA54     		strb	r2, [r7, r3]
  96              		.loc 1 101 0
  97 0046 3360     		str	r3, [r6]
  98              	.LVL5:
  99              	.L6:
 102:.\Generated_Source\PSoC4/UART_SPI_UART_INT.c ****                 }
 103:.\Generated_Source\PSoC4/UART_SPI_UART_INT.c ****             }
 104:.\Generated_Source\PSoC4/UART_SPI_UART_INT.c ****             while(0u != UART_GET_RX_FIFO_ENTRIES);
 100              		.loc 1 104 0
 101 0048 204B     		ldr	r3, .L19+28
 102 004a 1B68     		ldr	r3, [r3]
 103 004c 1A07     		lsl	r2, r3, #28
 104 004e EBD1     		bne	.L16
 105:.\Generated_Source\PSoC4/UART_SPI_UART_INT.c **** 
 106:.\Generated_Source\PSoC4/UART_SPI_UART_INT.c ****             UART_ClearRxInterruptSource(UART_INTR_RX_NOT_EMPTY);
 105              		.loc 1 106 0
 106 0050 0422     		mov	r2, #4
 107 0052 1F4B     		ldr	r3, .L19+32
 108 0054 1A60     		str	r2, [r3]
 109              	.L3:
 107:.\Generated_Source\PSoC4/UART_SPI_UART_INT.c ****         }
 108:.\Generated_Source\PSoC4/UART_SPI_UART_INT.c ****     }
 109:.\Generated_Source\PSoC4/UART_SPI_UART_INT.c ****     #endif
 110:.\Generated_Source\PSoC4/UART_SPI_UART_INT.c **** 
 111:.\Generated_Source\PSoC4/UART_SPI_UART_INT.c **** 
ARM GAS  C:\Users\EDTRIC~1\AppData\Local\Temp\ccnc69Yu.s 			page 5


 112:.\Generated_Source\PSoC4/UART_SPI_UART_INT.c ****     #if (UART_CHECK_TX_SW_BUFFER)
 113:.\Generated_Source\PSoC4/UART_SPI_UART_INT.c ****     {
 114:.\Generated_Source\PSoC4/UART_SPI_UART_INT.c ****         if (UART_CHECK_INTR_TX_MASKED(UART_INTR_TX_NOT_FULL))
 110              		.loc 1 114 0
 111 0056 1F4B     		ldr	r3, .L19+36
 112 0058 1B68     		ldr	r3, [r3]
 113 005a 9A07     		lsl	r2, r3, #30
 114 005c 24D5     		bpl	.L1
 115:.\Generated_Source\PSoC4/UART_SPI_UART_INT.c ****         {
 116:.\Generated_Source\PSoC4/UART_SPI_UART_INT.c ****             do
 117:.\Generated_Source\PSoC4/UART_SPI_UART_INT.c ****             {
 118:.\Generated_Source\PSoC4/UART_SPI_UART_INT.c ****                 /* Check for room in TX software buffer */
 119:.\Generated_Source\PSoC4/UART_SPI_UART_INT.c ****                 if (UART_txBufferHead != UART_txBufferTail)
 115              		.loc 1 119 0
 116 005e 1E48     		ldr	r0, .L19+40
 117 0060 1E49     		ldr	r1, .L19+44
 120:.\Generated_Source\PSoC4/UART_SPI_UART_INT.c ****                 {
 121:.\Generated_Source\PSoC4/UART_SPI_UART_INT.c ****                     /* Move local tail index */
 122:.\Generated_Source\PSoC4/UART_SPI_UART_INT.c ****                     locTail = (UART_txBufferTail + 1u);
 118              		.loc 1 122 0
 119 0062 8C46     		mov	ip, r1
 123:.\Generated_Source\PSoC4/UART_SPI_UART_INT.c **** 
 124:.\Generated_Source\PSoC4/UART_SPI_UART_INT.c ****                     /* Adjust local tail index */
 125:.\Generated_Source\PSoC4/UART_SPI_UART_INT.c ****                     if (UART_TX_BUFFER_SIZE == locTail)
 126:.\Generated_Source\PSoC4/UART_SPI_UART_INT.c ****                     {
 127:.\Generated_Source\PSoC4/UART_SPI_UART_INT.c ****                         locTail = 0u;
 120              		.loc 1 127 0
 121 0064 0022     		mov	r2, #0
 122 0066 9046     		mov	r8, r2
 128:.\Generated_Source\PSoC4/UART_SPI_UART_INT.c ****                     }
 129:.\Generated_Source\PSoC4/UART_SPI_UART_INT.c **** 
 130:.\Generated_Source\PSoC4/UART_SPI_UART_INT.c ****                     /* Put data into TX FIFO */
 131:.\Generated_Source\PSoC4/UART_SPI_UART_INT.c ****                     UART_TX_FIFO_WR_REG = UART_GetWordFromTxBuffer(locTail);
 123              		.loc 1 131 0
 124 0068 1D4F     		ldr	r7, .L19+48
 125 006a 1E4E     		ldr	r6, .L19+52
 132:.\Generated_Source\PSoC4/UART_SPI_UART_INT.c **** 
 133:.\Generated_Source\PSoC4/UART_SPI_UART_INT.c ****                     /* Move tail index */
 134:.\Generated_Source\PSoC4/UART_SPI_UART_INT.c ****                     UART_txBufferTail = locTail;
 126              		.loc 1 134 0
 127 006c 0D1C     		mov	r5, r1
 135:.\Generated_Source\PSoC4/UART_SPI_UART_INT.c ****                 }
 136:.\Generated_Source\PSoC4/UART_SPI_UART_INT.c ****                 else
 137:.\Generated_Source\PSoC4/UART_SPI_UART_INT.c ****                 {
 138:.\Generated_Source\PSoC4/UART_SPI_UART_INT.c ****                     /* TX software buffer is empty: complete transfer */
 139:.\Generated_Source\PSoC4/UART_SPI_UART_INT.c ****                     UART_DISABLE_INTR_TX(UART_INTR_TX_NOT_FULL);
 140:.\Generated_Source\PSoC4/UART_SPI_UART_INT.c ****                     break;
 141:.\Generated_Source\PSoC4/UART_SPI_UART_INT.c ****                 }
 142:.\Generated_Source\PSoC4/UART_SPI_UART_INT.c ****             }
 143:.\Generated_Source\PSoC4/UART_SPI_UART_INT.c ****             while (UART_SPI_UART_FIFO_SIZE != UART_GET_TX_FIFO_ENTRIES);
 128              		.loc 1 143 0
 129 006e 1E4C     		ldr	r4, .L19+56
 130              	.L15:
 119:.\Generated_Source\PSoC4/UART_SPI_UART_INT.c ****                 if (UART_txBufferHead != UART_txBufferTail)
 131              		.loc 1 119 0
 132 0070 0268     		ldr	r2, [r0]
 133 0072 0B68     		ldr	r3, [r1]
ARM GAS  C:\Users\EDTRIC~1\AppData\Local\Temp\ccnc69Yu.s 			page 6


 134 0074 9A42     		cmp	r2, r3
 135 0076 0FD0     		beq	.L9
 122:.\Generated_Source\PSoC4/UART_SPI_UART_INT.c ****                     locTail = (UART_txBufferTail + 1u);
 136              		.loc 1 122 0
 137 0078 6246     		mov	r2, ip
 138 007a 1368     		ldr	r3, [r2]
 139 007c 0133     		add	r3, r3, #1
 140              	.LVL6:
 125:.\Generated_Source\PSoC4/UART_SPI_UART_INT.c ****                     if (UART_TX_BUFFER_SIZE == locTail)
 141              		.loc 1 125 0
 142 007e 0F2B     		cmp	r3, #15
 143 0080 00D1     		bne	.L10
 127:.\Generated_Source\PSoC4/UART_SPI_UART_INT.c ****                         locTail = 0u;
 144              		.loc 1 127 0
 145 0082 4346     		mov	r3, r8
 146              	.LVL7:
 147              	.L10:
 131:.\Generated_Source\PSoC4/UART_SPI_UART_INT.c ****                     UART_TX_FIFO_WR_REG = UART_GetWordFromTxBuffer(locTail);
 148              		.loc 1 131 0
 149 0084 FA5C     		ldrb	r2, [r7, r3]
 150 0086 D2B2     		uxtb	r2, r2
 151 0088 3260     		str	r2, [r6]
 134:.\Generated_Source\PSoC4/UART_SPI_UART_INT.c ****                     UART_txBufferTail = locTail;
 152              		.loc 1 134 0
 153 008a 2B60     		str	r3, [r5]
 154              		.loc 1 143 0
 155 008c 2368     		ldr	r3, [r4]
 156              	.LVL8:
 157 008e 0F22     		mov	r2, #15
 158 0090 1340     		and	r3, r2
 159 0092 082B     		cmp	r3, #8
 160 0094 ECD1     		bne	.L15
 161 0096 04E0     		b	.L12
 162              	.LVL9:
 163              	.L9:
 139:.\Generated_Source\PSoC4/UART_SPI_UART_INT.c ****                     UART_DISABLE_INTR_TX(UART_INTR_TX_NOT_FULL);
 164              		.loc 1 139 0
 165 0098 144B     		ldr	r3, .L19+60
 166 009a 1A68     		ldr	r2, [r3]
 167 009c 0221     		mov	r1, #2
 168 009e 8A43     		bic	r2, r1
 169 00a0 1A60     		str	r2, [r3]
 170              	.L12:
 144:.\Generated_Source\PSoC4/UART_SPI_UART_INT.c **** 
 145:.\Generated_Source\PSoC4/UART_SPI_UART_INT.c ****             UART_ClearTxInterruptSource(UART_INTR_TX_NOT_FULL);
 171              		.loc 1 145 0
 172 00a2 0222     		mov	r2, #2
 173 00a4 124B     		ldr	r3, .L19+64
 174 00a6 1A60     		str	r2, [r3]
 175              	.L1:
 146:.\Generated_Source\PSoC4/UART_SPI_UART_INT.c ****         }
 147:.\Generated_Source\PSoC4/UART_SPI_UART_INT.c ****     }
 148:.\Generated_Source\PSoC4/UART_SPI_UART_INT.c ****     #endif
 149:.\Generated_Source\PSoC4/UART_SPI_UART_INT.c **** }
 176              		.loc 1 149 0
 177              		@ sp needed
 178 00a8 04BC     		pop	{r2}
ARM GAS  C:\Users\EDTRIC~1\AppData\Local\Temp\ccnc69Yu.s 			page 7


 179 00aa 9046     		mov	r8, r2
 180 00ac F0BD     		pop	{r4, r5, r6, r7, pc}
 181              	.L20:
 182 00ae C046     		.align	2
 183              	.L19:
 184 00b0 00000000 		.word	UART_customIntrHandler
 185 00b4 CC0F0740 		.word	1074204620
 186 00b8 00000000 		.word	UART_rxBufferHead
 187 00bc 00000000 		.word	UART_rxBufferTail
 188 00c0 40030740 		.word	1074201408
 189 00c4 00000000 		.word	UART_rxBufferInternal
 190 00c8 00000000 		.word	UART_rxBufferOverflow
 191 00cc 08030740 		.word	1074201352
 192 00d0 C00F0740 		.word	1074204608
 193 00d4 8C0F0740 		.word	1074204556
 194 00d8 00000000 		.word	UART_txBufferHead
 195 00dc 00000000 		.word	UART_txBufferTail
 196 00e0 00000000 		.word	UART_txBufferInternal
 197 00e4 40020740 		.word	1074201152
 198 00e8 08020740 		.word	1074201096
 199 00ec 880F0740 		.word	1074204552
 200 00f0 800F0740 		.word	1074204544
 201              		.cfi_endproc
 202              	.LFE0:
 203              		.size	UART_SPI_UART_ISR, .-UART_SPI_UART_ISR
 204              		.text
 205              	.Letext0:
 206              		.file 2 "Generated_Source\\PSoC4/cytypes.h"
 207              		.file 3 ".\\Generated_Source\\PSoC4\\UART_PVT.h"
 208              		.file 4 ".\\Generated_Source\\PSoC4\\UART_SPI_UART_PVT.h"
 209              		.section	.debug_info,"",%progbits
 210              	.Ldebug_info0:
 211 0000 79010000 		.4byte	0x179
 212 0004 0400     		.2byte	0x4
 213 0006 00000000 		.4byte	.Ldebug_abbrev0
 214 000a 04       		.byte	0x4
 215 000b 01       		.uleb128 0x1
 216 000c 68010000 		.4byte	.LASF27
 217 0010 01       		.byte	0x1
 218 0011 3B010000 		.4byte	.LASF28
 219 0015 30000000 		.4byte	.LASF29
 220 0019 00000000 		.4byte	.Ldebug_ranges0+0
 221 001d 00000000 		.4byte	0
 222 0021 00000000 		.4byte	.Ldebug_line0
 223 0025 02       		.uleb128 0x2
 224 0026 01       		.byte	0x1
 225 0027 06       		.byte	0x6
 226 0028 62020000 		.4byte	.LASF0
 227 002c 02       		.uleb128 0x2
 228 002d 01       		.byte	0x1
 229 002e 08       		.byte	0x8
 230 002f A5000000 		.4byte	.LASF1
 231 0033 02       		.uleb128 0x2
 232 0034 02       		.byte	0x2
 233 0035 05       		.byte	0x5
 234 0036 27020000 		.4byte	.LASF2
 235 003a 02       		.uleb128 0x2
ARM GAS  C:\Users\EDTRIC~1\AppData\Local\Temp\ccnc69Yu.s 			page 8


 236 003b 02       		.byte	0x2
 237 003c 07       		.byte	0x7
 238 003d 1D000000 		.4byte	.LASF3
 239 0041 02       		.uleb128 0x2
 240 0042 04       		.byte	0x4
 241 0043 05       		.byte	0x5
 242 0044 43020000 		.4byte	.LASF4
 243 0048 02       		.uleb128 0x2
 244 0049 04       		.byte	0x4
 245 004a 07       		.byte	0x7
 246 004b C9000000 		.4byte	.LASF5
 247 004f 02       		.uleb128 0x2
 248 0050 08       		.byte	0x8
 249 0051 05       		.byte	0x5
 250 0052 02020000 		.4byte	.LASF6
 251 0056 02       		.uleb128 0x2
 252 0057 08       		.byte	0x8
 253 0058 07       		.byte	0x7
 254 0059 24010000 		.4byte	.LASF7
 255 005d 03       		.uleb128 0x3
 256 005e 04       		.byte	0x4
 257 005f 05       		.byte	0x5
 258 0060 696E7400 		.ascii	"int\000"
 259 0064 02       		.uleb128 0x2
 260 0065 04       		.byte	0x4
 261 0066 07       		.byte	0x7
 262 0067 17010000 		.4byte	.LASF8
 263 006b 04       		.uleb128 0x4
 264 006c DB000000 		.4byte	.LASF9
 265 0070 02       		.byte	0x2
 266 0071 B3       		.byte	0xb3
 267 0072 2C000000 		.4byte	0x2c
 268 0076 04       		.uleb128 0x4
 269 0077 10010000 		.4byte	.LASF10
 270 007b 02       		.byte	0x2
 271 007c B5       		.byte	0xb5
 272 007d 48000000 		.4byte	0x48
 273 0081 02       		.uleb128 0x2
 274 0082 04       		.byte	0x4
 275 0083 04       		.byte	0x4
 276 0084 9F000000 		.4byte	.LASF11
 277 0088 02       		.uleb128 0x2
 278 0089 08       		.byte	0x8
 279 008a 04       		.byte	0x4
 280 008b 09010000 		.4byte	.LASF12
 281 008f 02       		.uleb128 0x2
 282 0090 01       		.byte	0x1
 283 0091 08       		.byte	0x8
 284 0092 10020000 		.4byte	.LASF13
 285 0096 05       		.uleb128 0x5
 286 0097 6B000000 		.4byte	0x6b
 287 009b 06       		.uleb128 0x6
 288 009c 00000000 		.4byte	.LASF14
 289 00a0 02       		.byte	0x2
 290 00a1 5F01     		.2byte	0x15f
 291 00a3 A7000000 		.4byte	0xa7
 292 00a7 05       		.uleb128 0x5
ARM GAS  C:\Users\EDTRIC~1\AppData\Local\Temp\ccnc69Yu.s 			page 9


 293 00a8 76000000 		.4byte	0x76
 294 00ac 06       		.uleb128 0x6
 295 00ad E4010000 		.4byte	.LASF15
 296 00b1 02       		.byte	0x2
 297 00b2 6F01     		.2byte	0x16f
 298 00b4 B8000000 		.4byte	0xb8
 299 00b8 07       		.uleb128 0x7
 300 00b9 04       		.byte	0x4
 301 00ba BE000000 		.4byte	0xbe
 302 00be 08       		.uleb128 0x8
 303 00bf 02       		.uleb128 0x2
 304 00c0 04       		.byte	0x4
 305 00c1 07       		.byte	0x7
 306 00c2 F9010000 		.4byte	.LASF16
 307 00c6 09       		.uleb128 0x9
 308 00c7 31020000 		.4byte	.LASF30
 309 00cb 01       		.byte	0x1
 310 00cc 24       		.byte	0x24
 311 00cd 00000000 		.4byte	.LFB0
 312 00d1 F4000000 		.4byte	.LFE0-.LFB0
 313 00d5 01       		.uleb128 0x1
 314 00d6 9C       		.byte	0x9c
 315 00d7 FA000000 		.4byte	0xfa
 316 00db 0A       		.uleb128 0xa
 317 00dc 97000000 		.4byte	.LASF17
 318 00e0 01       		.byte	0x1
 319 00e1 27       		.byte	0x27
 320 00e2 76000000 		.4byte	0x76
 321 00e6 00000000 		.4byte	.LLST0
 322 00ea 0A       		.uleb128 0xa
 323 00eb F1010000 		.4byte	.LASF18
 324 00ef 01       		.byte	0x1
 325 00f0 2B       		.byte	0x2b
 326 00f1 76000000 		.4byte	0x76
 327 00f5 1E000000 		.4byte	.LLST1
 328 00f9 00       		.byte	0
 329 00fa 0B       		.uleb128 0xb
 330 00fb 06000000 		.4byte	.LASF19
 331 00ff 03       		.byte	0x3
 332 0100 3A       		.byte	0x3a
 333 0101 AC000000 		.4byte	0xac
 334 0105 0B       		.uleb128 0xb
 335 0106 6E020000 		.4byte	.LASF20
 336 010a 04       		.byte	0x4
 337 010b 1E       		.byte	0x1e
 338 010c A7000000 		.4byte	0xa7
 339 0110 0B       		.uleb128 0xb
 340 0111 E1000000 		.4byte	.LASF21
 341 0115 04       		.byte	0x4
 342 0116 1F       		.byte	0x1f
 343 0117 A7000000 		.4byte	0xa7
 344 011b 0B       		.uleb128 0xb
 345 011c B3000000 		.4byte	.LASF22
 346 0120 04       		.byte	0x4
 347 0121 20       		.byte	0x20
 348 0122 96000000 		.4byte	0x96
 349 0126 0B       		.uleb128 0xb
ARM GAS  C:\Users\EDTRIC~1\AppData\Local\Temp\ccnc69Yu.s 			page 10


 350 0127 15020000 		.4byte	.LASF23
 351 012b 04       		.byte	0x4
 352 012c 24       		.byte	0x24
 353 012d A7000000 		.4byte	0xa7
 354 0131 0B       		.uleb128 0xb
 355 0132 85000000 		.4byte	.LASF24
 356 0136 04       		.byte	0x4
 357 0137 25       		.byte	0x25
 358 0138 A7000000 		.4byte	0xa7
 359 013c 0C       		.uleb128 0xc
 360 013d 6B000000 		.4byte	0x6b
 361 0141 4C010000 		.4byte	0x14c
 362 0145 0D       		.uleb128 0xd
 363 0146 BF000000 		.4byte	0xbf
 364 014a 0F       		.byte	0xf
 365 014b 00       		.byte	0
 366 014c 0B       		.uleb128 0xb
 367 014d F3000000 		.4byte	.LASF25
 368 0151 04       		.byte	0x4
 369 0152 29       		.byte	0x29
 370 0153 57010000 		.4byte	0x157
 371 0157 05       		.uleb128 0x5
 372 0158 3C010000 		.4byte	0x13c
 373 015c 0C       		.uleb128 0xc
 374 015d 6B000000 		.4byte	0x6b
 375 0161 6C010000 		.4byte	0x16c
 376 0165 0D       		.uleb128 0xd
 377 0166 BF000000 		.4byte	0xbf
 378 016a 0E       		.byte	0xe
 379 016b 00       		.byte	0
 380 016c 0B       		.uleb128 0xb
 381 016d 4C020000 		.4byte	.LASF26
 382 0171 04       		.byte	0x4
 383 0172 2D       		.byte	0x2d
 384 0173 77010000 		.4byte	0x177
 385 0177 05       		.uleb128 0x5
 386 0178 5C010000 		.4byte	0x15c
 387 017c 00       		.byte	0
 388              		.section	.debug_abbrev,"",%progbits
 389              	.Ldebug_abbrev0:
 390 0000 01       		.uleb128 0x1
 391 0001 11       		.uleb128 0x11
 392 0002 01       		.byte	0x1
 393 0003 25       		.uleb128 0x25
 394 0004 0E       		.uleb128 0xe
 395 0005 13       		.uleb128 0x13
 396 0006 0B       		.uleb128 0xb
 397 0007 03       		.uleb128 0x3
 398 0008 0E       		.uleb128 0xe
 399 0009 1B       		.uleb128 0x1b
 400 000a 0E       		.uleb128 0xe
 401 000b 55       		.uleb128 0x55
 402 000c 17       		.uleb128 0x17
 403 000d 11       		.uleb128 0x11
 404 000e 01       		.uleb128 0x1
 405 000f 10       		.uleb128 0x10
 406 0010 17       		.uleb128 0x17
ARM GAS  C:\Users\EDTRIC~1\AppData\Local\Temp\ccnc69Yu.s 			page 11


 407 0011 00       		.byte	0
 408 0012 00       		.byte	0
 409 0013 02       		.uleb128 0x2
 410 0014 24       		.uleb128 0x24
 411 0015 00       		.byte	0
 412 0016 0B       		.uleb128 0xb
 413 0017 0B       		.uleb128 0xb
 414 0018 3E       		.uleb128 0x3e
 415 0019 0B       		.uleb128 0xb
 416 001a 03       		.uleb128 0x3
 417 001b 0E       		.uleb128 0xe
 418 001c 00       		.byte	0
 419 001d 00       		.byte	0
 420 001e 03       		.uleb128 0x3
 421 001f 24       		.uleb128 0x24
 422 0020 00       		.byte	0
 423 0021 0B       		.uleb128 0xb
 424 0022 0B       		.uleb128 0xb
 425 0023 3E       		.uleb128 0x3e
 426 0024 0B       		.uleb128 0xb
 427 0025 03       		.uleb128 0x3
 428 0026 08       		.uleb128 0x8
 429 0027 00       		.byte	0
 430 0028 00       		.byte	0
 431 0029 04       		.uleb128 0x4
 432 002a 16       		.uleb128 0x16
 433 002b 00       		.byte	0
 434 002c 03       		.uleb128 0x3
 435 002d 0E       		.uleb128 0xe
 436 002e 3A       		.uleb128 0x3a
 437 002f 0B       		.uleb128 0xb
 438 0030 3B       		.uleb128 0x3b
 439 0031 0B       		.uleb128 0xb
 440 0032 49       		.uleb128 0x49
 441 0033 13       		.uleb128 0x13
 442 0034 00       		.byte	0
 443 0035 00       		.byte	0
 444 0036 05       		.uleb128 0x5
 445 0037 35       		.uleb128 0x35
 446 0038 00       		.byte	0
 447 0039 49       		.uleb128 0x49
 448 003a 13       		.uleb128 0x13
 449 003b 00       		.byte	0
 450 003c 00       		.byte	0
 451 003d 06       		.uleb128 0x6
 452 003e 16       		.uleb128 0x16
 453 003f 00       		.byte	0
 454 0040 03       		.uleb128 0x3
 455 0041 0E       		.uleb128 0xe
 456 0042 3A       		.uleb128 0x3a
 457 0043 0B       		.uleb128 0xb
 458 0044 3B       		.uleb128 0x3b
 459 0045 05       		.uleb128 0x5
 460 0046 49       		.uleb128 0x49
 461 0047 13       		.uleb128 0x13
 462 0048 00       		.byte	0
 463 0049 00       		.byte	0
ARM GAS  C:\Users\EDTRIC~1\AppData\Local\Temp\ccnc69Yu.s 			page 12


 464 004a 07       		.uleb128 0x7
 465 004b 0F       		.uleb128 0xf
 466 004c 00       		.byte	0
 467 004d 0B       		.uleb128 0xb
 468 004e 0B       		.uleb128 0xb
 469 004f 49       		.uleb128 0x49
 470 0050 13       		.uleb128 0x13
 471 0051 00       		.byte	0
 472 0052 00       		.byte	0
 473 0053 08       		.uleb128 0x8
 474 0054 15       		.uleb128 0x15
 475 0055 00       		.byte	0
 476 0056 27       		.uleb128 0x27
 477 0057 19       		.uleb128 0x19
 478 0058 00       		.byte	0
 479 0059 00       		.byte	0
 480 005a 09       		.uleb128 0x9
 481 005b 2E       		.uleb128 0x2e
 482 005c 01       		.byte	0x1
 483 005d 3F       		.uleb128 0x3f
 484 005e 19       		.uleb128 0x19
 485 005f 03       		.uleb128 0x3
 486 0060 0E       		.uleb128 0xe
 487 0061 3A       		.uleb128 0x3a
 488 0062 0B       		.uleb128 0xb
 489 0063 3B       		.uleb128 0x3b
 490 0064 0B       		.uleb128 0xb
 491 0065 27       		.uleb128 0x27
 492 0066 19       		.uleb128 0x19
 493 0067 11       		.uleb128 0x11
 494 0068 01       		.uleb128 0x1
 495 0069 12       		.uleb128 0x12
 496 006a 06       		.uleb128 0x6
 497 006b 40       		.uleb128 0x40
 498 006c 18       		.uleb128 0x18
 499 006d 9642     		.uleb128 0x2116
 500 006f 19       		.uleb128 0x19
 501 0070 01       		.uleb128 0x1
 502 0071 13       		.uleb128 0x13
 503 0072 00       		.byte	0
 504 0073 00       		.byte	0
 505 0074 0A       		.uleb128 0xa
 506 0075 34       		.uleb128 0x34
 507 0076 00       		.byte	0
 508 0077 03       		.uleb128 0x3
 509 0078 0E       		.uleb128 0xe
 510 0079 3A       		.uleb128 0x3a
 511 007a 0B       		.uleb128 0xb
 512 007b 3B       		.uleb128 0x3b
 513 007c 0B       		.uleb128 0xb
 514 007d 49       		.uleb128 0x49
 515 007e 13       		.uleb128 0x13
 516 007f 02       		.uleb128 0x2
 517 0080 17       		.uleb128 0x17
 518 0081 00       		.byte	0
 519 0082 00       		.byte	0
 520 0083 0B       		.uleb128 0xb
ARM GAS  C:\Users\EDTRIC~1\AppData\Local\Temp\ccnc69Yu.s 			page 13


 521 0084 34       		.uleb128 0x34
 522 0085 00       		.byte	0
 523 0086 03       		.uleb128 0x3
 524 0087 0E       		.uleb128 0xe
 525 0088 3A       		.uleb128 0x3a
 526 0089 0B       		.uleb128 0xb
 527 008a 3B       		.uleb128 0x3b
 528 008b 0B       		.uleb128 0xb
 529 008c 49       		.uleb128 0x49
 530 008d 13       		.uleb128 0x13
 531 008e 3F       		.uleb128 0x3f
 532 008f 19       		.uleb128 0x19
 533 0090 3C       		.uleb128 0x3c
 534 0091 19       		.uleb128 0x19
 535 0092 00       		.byte	0
 536 0093 00       		.byte	0
 537 0094 0C       		.uleb128 0xc
 538 0095 01       		.uleb128 0x1
 539 0096 01       		.byte	0x1
 540 0097 49       		.uleb128 0x49
 541 0098 13       		.uleb128 0x13
 542 0099 01       		.uleb128 0x1
 543 009a 13       		.uleb128 0x13
 544 009b 00       		.byte	0
 545 009c 00       		.byte	0
 546 009d 0D       		.uleb128 0xd
 547 009e 21       		.uleb128 0x21
 548 009f 00       		.byte	0
 549 00a0 49       		.uleb128 0x49
 550 00a1 13       		.uleb128 0x13
 551 00a2 2F       		.uleb128 0x2f
 552 00a3 0B       		.uleb128 0xb
 553 00a4 00       		.byte	0
 554 00a5 00       		.byte	0
 555 00a6 00       		.byte	0
 556              		.section	.debug_loc,"",%progbits
 557              	.Ldebug_loc0:
 558              	.LLST0:
 559 0000 2C000000 		.4byte	.LVL1
 560 0004 3A000000 		.4byte	.LVL3
 561 0008 0100     		.2byte	0x1
 562 000a 53       		.byte	0x53
 563 000b 40000000 		.4byte	.LVL4
 564 000f 48000000 		.4byte	.LVL5
 565 0013 0100     		.2byte	0x1
 566 0015 53       		.byte	0x53
 567 0016 00000000 		.4byte	0
 568 001a 00000000 		.4byte	0
 569              	.LLST1:
 570 001e 7E000000 		.4byte	.LVL6
 571 0022 8E000000 		.4byte	.LVL8
 572 0026 0100     		.2byte	0x1
 573 0028 53       		.byte	0x53
 574 0029 8E000000 		.4byte	.LVL8
 575 002d 98000000 		.4byte	.LVL9
 576 0031 0200     		.2byte	0x2
 577 0033 71       		.byte	0x71
ARM GAS  C:\Users\EDTRIC~1\AppData\Local\Temp\ccnc69Yu.s 			page 14


 578 0034 00       		.sleb128 0
 579 0035 00000000 		.4byte	0
 580 0039 00000000 		.4byte	0
 581              		.section	.debug_aranges,"",%progbits
 582 0000 1C000000 		.4byte	0x1c
 583 0004 0200     		.2byte	0x2
 584 0006 00000000 		.4byte	.Ldebug_info0
 585 000a 04       		.byte	0x4
 586 000b 00       		.byte	0
 587 000c 0000     		.2byte	0
 588 000e 0000     		.2byte	0
 589 0010 00000000 		.4byte	.LFB0
 590 0014 F4000000 		.4byte	.LFE0-.LFB0
 591 0018 00000000 		.4byte	0
 592 001c 00000000 		.4byte	0
 593              		.section	.debug_ranges,"",%progbits
 594              	.Ldebug_ranges0:
 595 0000 00000000 		.4byte	.LFB0
 596 0004 F4000000 		.4byte	.LFE0
 597 0008 00000000 		.4byte	0
 598 000c 00000000 		.4byte	0
 599              		.section	.debug_line,"",%progbits
 600              	.Ldebug_line0:
 601 0000 D7000000 		.section	.debug_str,"MS",%progbits,1
 601      02008C00 
 601      00000201 
 601      FB0E0D00 
 601      01010101 
 602              	.LASF14:
 603 0000 72656733 		.ascii	"reg32\000"
 603      3200
 604              	.LASF19:
 605 0006 55415254 		.ascii	"UART_customIntrHandler\000"
 605      5F637573 
 605      746F6D49 
 605      6E747248 
 605      616E646C 
 606              	.LASF3:
 607 001d 73686F72 		.ascii	"short unsigned int\000"
 607      7420756E 
 607      7369676E 
 607      65642069 
 607      6E7400
 608              	.LASF29:
 609 0030 433A5C55 		.ascii	"C:\\Users\\edtriccorp\\Documents\\PSoC Creator\\Her"
 609      73657273 
 609      5C656474 
 609      72696363 
 609      6F72705C 
 610 005e 6B756C65 		.ascii	"kulexOpenHouse\\HerkulexOpenHouse.cydsn\000"
 610      784F7065 
 610      6E486F75 
 610      73655C48 
 610      65726B75 
 611              	.LASF24:
 612 0085 55415254 		.ascii	"UART_txBufferTail\000"
 612      5F747842 
ARM GAS  C:\Users\EDTRIC~1\AppData\Local\Temp\ccnc69Yu.s 			page 15


 612      75666665 
 612      72546169 
 612      6C00
 613              	.LASF17:
 614 0097 6C6F6348 		.ascii	"locHead\000"
 614      65616400 
 615              	.LASF11:
 616 009f 666C6F61 		.ascii	"float\000"
 616      7400
 617              	.LASF1:
 618 00a5 756E7369 		.ascii	"unsigned char\000"
 618      676E6564 
 618      20636861 
 618      7200
 619              	.LASF22:
 620 00b3 55415254 		.ascii	"UART_rxBufferOverflow\000"
 620      5F727842 
 620      75666665 
 620      724F7665 
 620      72666C6F 
 621              	.LASF5:
 622 00c9 6C6F6E67 		.ascii	"long unsigned int\000"
 622      20756E73 
 622      69676E65 
 622      6420696E 
 622      7400
 623              	.LASF9:
 624 00db 75696E74 		.ascii	"uint8\000"
 624      3800
 625              	.LASF21:
 626 00e1 55415254 		.ascii	"UART_rxBufferTail\000"
 626      5F727842 
 626      75666665 
 626      72546169 
 626      6C00
 627              	.LASF25:
 628 00f3 55415254 		.ascii	"UART_rxBufferInternal\000"
 628      5F727842 
 628      75666665 
 628      72496E74 
 628      65726E61 
 629              	.LASF12:
 630 0109 646F7562 		.ascii	"double\000"
 630      6C6500
 631              	.LASF10:
 632 0110 75696E74 		.ascii	"uint32\000"
 632      333200
 633              	.LASF8:
 634 0117 756E7369 		.ascii	"unsigned int\000"
 634      676E6564 
 634      20696E74 
 634      00
 635              	.LASF7:
 636 0124 6C6F6E67 		.ascii	"long long unsigned int\000"
 636      206C6F6E 
 636      6720756E 
 636      7369676E 
ARM GAS  C:\Users\EDTRIC~1\AppData\Local\Temp\ccnc69Yu.s 			page 16


 636      65642069 
 637              	.LASF28:
 638 013b 2E5C4765 		.ascii	".\\Generated_Source\\PSoC4\\UART_SPI_UART_INT.c\000"
 638      6E657261 
 638      7465645F 
 638      536F7572 
 638      63655C50 
 639              	.LASF27:
 640 0168 474E5520 		.ascii	"GNU C 4.8.4 20140526 (release) [ARM/embedded-4_8-br"
 640      4320342E 
 640      382E3420 
 640      32303134 
 640      30353236 
 641 019b 616E6368 		.ascii	"anch revision 211358] -mcpu=cortex-m0 -mthumb -g -O"
 641      20726576 
 641      6973696F 
 641      6E203231 
 641      31333538 
 642 01ce 67202D66 		.ascii	"g -ffunction-sections\000"
 642      66756E63 
 642      74696F6E 
 642      2D736563 
 642      74696F6E 
 643              	.LASF15:
 644 01e4 63796973 		.ascii	"cyisraddress\000"
 644      72616464 
 644      72657373 
 644      00
 645              	.LASF18:
 646 01f1 6C6F6354 		.ascii	"locTail\000"
 646      61696C00 
 647              	.LASF16:
 648 01f9 73697A65 		.ascii	"sizetype\000"
 648      74797065 
 648      00
 649              	.LASF6:
 650 0202 6C6F6E67 		.ascii	"long long int\000"
 650      206C6F6E 
 650      6720696E 
 650      7400
 651              	.LASF13:
 652 0210 63686172 		.ascii	"char\000"
 652      00
 653              	.LASF23:
 654 0215 55415254 		.ascii	"UART_txBufferHead\000"
 654      5F747842 
 654      75666665 
 654      72486561 
 654      6400
 655              	.LASF2:
 656 0227 73686F72 		.ascii	"short int\000"
 656      7420696E 
 656      7400
 657              	.LASF30:
 658 0231 55415254 		.ascii	"UART_SPI_UART_ISR\000"
 658      5F535049 
 658      5F554152 
ARM GAS  C:\Users\EDTRIC~1\AppData\Local\Temp\ccnc69Yu.s 			page 17


 658      545F4953 
 658      5200
 659              	.LASF4:
 660 0243 6C6F6E67 		.ascii	"long int\000"
 660      20696E74 
 660      00
 661              	.LASF26:
 662 024c 55415254 		.ascii	"UART_txBufferInternal\000"
 662      5F747842 
 662      75666665 
 662      72496E74 
 662      65726E61 
 663              	.LASF0:
 664 0262 7369676E 		.ascii	"signed char\000"
 664      65642063 
 664      68617200 
 665              	.LASF20:
 666 026e 55415254 		.ascii	"UART_rxBufferHead\000"
 666      5F727842 
 666      75666665 
 666      72486561 
 666      6400
 667              		.ident	"GCC: (GNU Tools for ARM Embedded Processors) 4.8.4 20140526 (release) [ARM/embedded-4_8-br
